Start testing: Aug 07 22:12 CEST
----------------------------------------------------------
1/71 Testing: Part1.numberOfVideos
1/71 Test: Part1.numberOfVideos
Command: "/Users/me/Desktop/google/google-code-sample/cpp/build/part1_test" "--gtest_filter=Part1.numberOfVideos" "--gtest_also_run_disabled_tests"
Directory: /Users/me/Desktop/google/google-code-sample/cpp/build
"Part1.numberOfVideos" start time: Aug 07 22:12 CEST
Output:
----------------------------------------------------------
Running main() from /Users/me/Desktop/google/google-code-sample/cpp/build/_deps/googletest-src/googletest/src/gtest_main.cc
Note: Google Test filter = Part1.numberOfVideos
[==========] Running 1 test from 1 test suite.
[----------] Global test environment set-up.
[----------] 1 test from Part1
[ RUN      ] Part1.numberOfVideos
[       OK ] Part1.numberOfVideos (1 ms)
[----------] 1 test from Part1 (1 ms total)

[----------] Global test environment tear-down
[==========] 1 test from 1 test suite ran. (1 ms total)
[  PASSED  ] 1 test.
<end of output>
Test time =   0.01 sec
----------------------------------------------------------
Test Passed.
"Part1.numberOfVideos" end time: Aug 07 22:12 CEST
"Part1.numberOfVideos" time elapsed: 00:00:00
----------------------------------------------------------

2/71 Testing: Part1.showAllVideos
2/71 Test: Part1.showAllVideos
Command: "/Users/me/Desktop/google/google-code-sample/cpp/build/part1_test" "--gtest_filter=Part1.showAllVideos" "--gtest_also_run_disabled_tests"
Directory: /Users/me/Desktop/google/google-code-sample/cpp/build
"Part1.showAllVideos" start time: Aug 07 22:12 CEST
Output:
----------------------------------------------------------
Running main() from /Users/me/Desktop/google/google-code-sample/cpp/build/_deps/googletest-src/googletest/src/gtest_main.cc
Note: Google Test filter = Part1.showAllVideos
[==========] Running 1 test from 1 test suite.
[----------] Global test environment set-up.
[----------] 1 test from Part1
[ RUN      ] Part1.showAllVideos
[       OK ] Part1.showAllVideos (0 ms)
[----------] 1 test from Part1 (0 ms total)

[----------] Global test environment tear-down
[==========] 1 test from 1 test suite ran. (0 ms total)
[  PASSED  ] 1 test.
<end of output>
Test time =   0.01 sec
----------------------------------------------------------
Test Passed.
"Part1.showAllVideos" end time: Aug 07 22:12 CEST
"Part1.showAllVideos" time elapsed: 00:00:00
----------------------------------------------------------

3/71 Testing: Part1.playVideo
3/71 Test: Part1.playVideo
Command: "/Users/me/Desktop/google/google-code-sample/cpp/build/part1_test" "--gtest_filter=Part1.playVideo" "--gtest_also_run_disabled_tests"
Directory: /Users/me/Desktop/google/google-code-sample/cpp/build
"Part1.playVideo" start time: Aug 07 22:12 CEST
Output:
----------------------------------------------------------
Running main() from /Users/me/Desktop/google/google-code-sample/cpp/build/_deps/googletest-src/googletest/src/gtest_main.cc
Note: Google Test filter = Part1.playVideo
[==========] Running 1 test from 1 test suite.
[----------] Global test environment set-up.
[----------] 1 test from Part1
[ RUN      ] Part1.playVideo
[       OK ] Part1.playVideo (1 ms)
[----------] 1 test from Part1 (1 ms total)

[----------] Global test environment tear-down
[==========] 1 test from 1 test suite ran. (1 ms total)
[  PASSED  ] 1 test.
<end of output>
Test time =   0.02 sec
----------------------------------------------------------
Test Passed.
"Part1.playVideo" end time: Aug 07 22:12 CEST
"Part1.playVideo" time elapsed: 00:00:00
----------------------------------------------------------

4/71 Testing: Part1.playVideoNonExistent
4/71 Test: Part1.playVideoNonExistent
Command: "/Users/me/Desktop/google/google-code-sample/cpp/build/part1_test" "--gtest_filter=Part1.playVideoNonExistent" "--gtest_also_run_disabled_tests"
Directory: /Users/me/Desktop/google/google-code-sample/cpp/build
"Part1.playVideoNonExistent" start time: Aug 07 22:12 CEST
Output:
----------------------------------------------------------
Running main() from /Users/me/Desktop/google/google-code-sample/cpp/build/_deps/googletest-src/googletest/src/gtest_main.cc
Note: Google Test filter = Part1.playVideoNonExistent
[==========] Running 1 test from 1 test suite.
[----------] Global test environment set-up.
[----------] 1 test from Part1
[ RUN      ] Part1.playVideoNonExistent
[       OK ] Part1.playVideoNonExistent (5 ms)
[----------] 1 test from Part1 (5 ms total)

[----------] Global test environment tear-down
[==========] 1 test from 1 test suite ran. (7 ms total)
[  PASSED  ] 1 test.
<end of output>
Test time =   0.02 sec
----------------------------------------------------------
Test Passed.
"Part1.playVideoNonExistent" end time: Aug 07 22:12 CEST
"Part1.playVideoNonExistent" time elapsed: 00:00:00
----------------------------------------------------------

5/71 Testing: Part1.playVideoStopPrevious
5/71 Test: Part1.playVideoStopPrevious
Command: "/Users/me/Desktop/google/google-code-sample/cpp/build/part1_test" "--gtest_filter=Part1.playVideoStopPrevious" "--gtest_also_run_disabled_tests"
Directory: /Users/me/Desktop/google/google-code-sample/cpp/build
"Part1.playVideoStopPrevious" start time: Aug 07 22:12 CEST
Output:
----------------------------------------------------------
Running main() from /Users/me/Desktop/google/google-code-sample/cpp/build/_deps/googletest-src/googletest/src/gtest_main.cc
Note: Google Test filter = Part1.playVideoStopPrevious
[==========] Running 1 test from 1 test suite.
[----------] Global test environment set-up.
[----------] 1 test from Part1
[ RUN      ] Part1.playVideoStopPrevious
[       OK ] Part1.playVideoStopPrevious (1 ms)
[----------] 1 test from Part1 (1 ms total)

[----------] Global test environment tear-down
[==========] 1 test from 1 test suite ran. (1 ms total)
[  PASSED  ] 1 test.
<end of output>
Test time =   0.01 sec
----------------------------------------------------------
Test Passed.
"Part1.playVideoStopPrevious" end time: Aug 07 22:12 CEST
"Part1.playVideoStopPrevious" time elapsed: 00:00:00
----------------------------------------------------------

6/71 Testing: Part1.playVideoDontStopPreviousIfNonExistent
6/71 Test: Part1.playVideoDontStopPreviousIfNonExistent
Command: "/Users/me/Desktop/google/google-code-sample/cpp/build/part1_test" "--gtest_filter=Part1.playVideoDontStopPreviousIfNonExistent" "--gtest_also_run_disabled_tests"
Directory: /Users/me/Desktop/google/google-code-sample/cpp/build
"Part1.playVideoDontStopPreviousIfNonExistent" start time: Aug 07 22:12 CEST
Output:
----------------------------------------------------------
Running main() from /Users/me/Desktop/google/google-code-sample/cpp/build/_deps/googletest-src/googletest/src/gtest_main.cc
Note: Google Test filter = Part1.playVideoDontStopPreviousIfNonExistent
[==========] Running 1 test from 1 test suite.
[----------] Global test environment set-up.
[----------] 1 test from Part1
[ RUN      ] Part1.playVideoDontStopPreviousIfNonExistent
[       OK ] Part1.playVideoDontStopPreviousIfNonExistent (1 ms)
[----------] 1 test from Part1 (1 ms total)

[----------] Global test environment tear-down
[==========] 1 test from 1 test suite ran. (1 ms total)
[  PASSED  ] 1 test.
<end of output>
Test time =   0.01 sec
----------------------------------------------------------
Test Passed.
"Part1.playVideoDontStopPreviousIfNonExistent" end time: Aug 07 22:12 CEST
"Part1.playVideoDontStopPreviousIfNonExistent" time elapsed: 00:00:00
----------------------------------------------------------

7/71 Testing: Part1.stopVideo
7/71 Test: Part1.stopVideo
Command: "/Users/me/Desktop/google/google-code-sample/cpp/build/part1_test" "--gtest_filter=Part1.stopVideo" "--gtest_also_run_disabled_tests"
Directory: /Users/me/Desktop/google/google-code-sample/cpp/build
"Part1.stopVideo" start time: Aug 07 22:12 CEST
Output:
----------------------------------------------------------
Running main() from /Users/me/Desktop/google/google-code-sample/cpp/build/_deps/googletest-src/googletest/src/gtest_main.cc
Note: Google Test filter = Part1.stopVideo
[==========] Running 1 test from 1 test suite.
[----------] Global test environment set-up.
[----------] 1 test from Part1
[ RUN      ] Part1.stopVideo
[       OK ] Part1.stopVideo (1 ms)
[----------] 1 test from Part1 (1 ms total)

[----------] Global test environment tear-down
[==========] 1 test from 1 test suite ran. (1 ms total)
[  PASSED  ] 1 test.
<end of output>
Test time =   0.01 sec
----------------------------------------------------------
Test Passed.
"Part1.stopVideo" end time: Aug 07 22:12 CEST
"Part1.stopVideo" time elapsed: 00:00:00
----------------------------------------------------------

8/71 Testing: Part1.stopVideoTwice
8/71 Test: Part1.stopVideoTwice
Command: "/Users/me/Desktop/google/google-code-sample/cpp/build/part1_test" "--gtest_filter=Part1.stopVideoTwice" "--gtest_also_run_disabled_tests"
Directory: /Users/me/Desktop/google/google-code-sample/cpp/build
"Part1.stopVideoTwice" start time: Aug 07 22:12 CEST
Output:
----------------------------------------------------------
Running main() from /Users/me/Desktop/google/google-code-sample/cpp/build/_deps/googletest-src/googletest/src/gtest_main.cc
Note: Google Test filter = Part1.stopVideoTwice
[==========] Running 1 test from 1 test suite.
[----------] Global test environment set-up.
[----------] 1 test from Part1
[ RUN      ] Part1.stopVideoTwice
[       OK ] Part1.stopVideoTwice (1 ms)
[----------] 1 test from Part1 (1 ms total)

[----------] Global test environment tear-down
[==========] 1 test from 1 test suite ran. (1 ms total)
[  PASSED  ] 1 test.
<end of output>
Test time =   0.01 sec
----------------------------------------------------------
Test Passed.
"Part1.stopVideoTwice" end time: Aug 07 22:12 CEST
"Part1.stopVideoTwice" time elapsed: 00:00:00
----------------------------------------------------------

9/71 Testing: Part1.stopVideoNothingPlaying
9/71 Test: Part1.stopVideoNothingPlaying
Command: "/Users/me/Desktop/google/google-code-sample/cpp/build/part1_test" "--gtest_filter=Part1.stopVideoNothingPlaying" "--gtest_also_run_disabled_tests"
Directory: /Users/me/Desktop/google/google-code-sample/cpp/build
"Part1.stopVideoNothingPlaying" start time: Aug 07 22:12 CEST
Output:
----------------------------------------------------------
Running main() from /Users/me/Desktop/google/google-code-sample/cpp/build/_deps/googletest-src/googletest/src/gtest_main.cc
Note: Google Test filter = Part1.stopVideoNothingPlaying
[==========] Running 1 test from 1 test suite.
[----------] Global test environment set-up.
[----------] 1 test from Part1
[ RUN      ] Part1.stopVideoNothingPlaying
[       OK ] Part1.stopVideoNothingPlaying (1 ms)
[----------] 1 test from Part1 (1 ms total)

[----------] Global test environment tear-down
[==========] 1 test from 1 test suite ran. (1 ms total)
[  PASSED  ] 1 test.
<end of output>
Test time =   0.01 sec
----------------------------------------------------------
Test Passed.
"Part1.stopVideoNothingPlaying" end time: Aug 07 22:12 CEST
"Part1.stopVideoNothingPlaying" time elapsed: 00:00:00
----------------------------------------------------------

10/71 Testing: Part1.playRandomVideo
10/71 Test: Part1.playRandomVideo
Command: "/Users/me/Desktop/google/google-code-sample/cpp/build/part1_test" "--gtest_filter=Part1.playRandomVideo" "--gtest_also_run_disabled_tests"
Directory: /Users/me/Desktop/google/google-code-sample/cpp/build
"Part1.playRandomVideo" start time: Aug 07 22:12 CEST
Output:
----------------------------------------------------------
Running main() from /Users/me/Desktop/google/google-code-sample/cpp/build/_deps/googletest-src/googletest/src/gtest_main.cc
Note: Google Test filter = Part1.playRandomVideo
[==========] Running 1 test from 1 test suite.
[----------] Global test environment set-up.
[----------] 1 test from Part1
[ RUN      ] Part1.playRandomVideo
[       OK ] Part1.playRandomVideo (1 ms)
[----------] 1 test from Part1 (1 ms total)

[----------] Global test environment tear-down
[==========] 1 test from 1 test suite ran. (1 ms total)
[  PASSED  ] 1 test.
<end of output>
Test time =   0.01 sec
----------------------------------------------------------
Test Passed.
"Part1.playRandomVideo" end time: Aug 07 22:12 CEST
"Part1.playRandomVideo" time elapsed: 00:00:00
----------------------------------------------------------

11/71 Testing: Part1.playRandomVideoStopsPreviousVideo
11/71 Test: Part1.playRandomVideoStopsPreviousVideo
Command: "/Users/me/Desktop/google/google-code-sample/cpp/build/part1_test" "--gtest_filter=Part1.playRandomVideoStopsPreviousVideo" "--gtest_also_run_disabled_tests"
Directory: /Users/me/Desktop/google/google-code-sample/cpp/build
"Part1.playRandomVideoStopsPreviousVideo" start time: Aug 07 22:12 CEST
Output:
----------------------------------------------------------
Running main() from /Users/me/Desktop/google/google-code-sample/cpp/build/_deps/googletest-src/googletest/src/gtest_main.cc
Note: Google Test filter = Part1.playRandomVideoStopsPreviousVideo
[==========] Running 1 test from 1 test suite.
[----------] Global test environment set-up.
[----------] 1 test from Part1
[ RUN      ] Part1.playRandomVideoStopsPreviousVideo
[       OK ] Part1.playRandomVideoStopsPreviousVideo (1 ms)
[----------] 1 test from Part1 (1 ms total)

[----------] Global test environment tear-down
[==========] 1 test from 1 test suite ran. (1 ms total)
[  PASSED  ] 1 test.
<end of output>
Test time =   0.01 sec
----------------------------------------------------------
Test Passed.
"Part1.playRandomVideoStopsPreviousVideo" end time: Aug 07 22:12 CEST
"Part1.playRandomVideoStopsPreviousVideo" time elapsed: 00:00:00
----------------------------------------------------------

12/71 Testing: Part1.showPlaying
12/71 Test: Part1.showPlaying
Command: "/Users/me/Desktop/google/google-code-sample/cpp/build/part1_test" "--gtest_filter=Part1.showPlaying" "--gtest_also_run_disabled_tests"
Directory: /Users/me/Desktop/google/google-code-sample/cpp/build
"Part1.showPlaying" start time: Aug 07 22:12 CEST
Output:
----------------------------------------------------------
Running main() from /Users/me/Desktop/google/google-code-sample/cpp/build/_deps/googletest-src/googletest/src/gtest_main.cc
Note: Google Test filter = Part1.showPlaying
[==========] Running 1 test from 1 test suite.
[----------] Global test environment set-up.
[----------] 1 test from Part1
[ RUN      ] Part1.showPlaying
[       OK ] Part1.showPlaying (0 ms)
[----------] 1 test from Part1 (0 ms total)

[----------] Global test environment tear-down
[==========] 1 test from 1 test suite ran. (1 ms total)
[  PASSED  ] 1 test.
<end of output>
Test time =   0.01 sec
----------------------------------------------------------
Test Passed.
"Part1.showPlaying" end time: Aug 07 22:12 CEST
"Part1.showPlaying" time elapsed: 00:00:00
----------------------------------------------------------

13/71 Testing: Part1.showNothingPlaying
13/71 Test: Part1.showNothingPlaying
Command: "/Users/me/Desktop/google/google-code-sample/cpp/build/part1_test" "--gtest_filter=Part1.showNothingPlaying" "--gtest_also_run_disabled_tests"
Directory: /Users/me/Desktop/google/google-code-sample/cpp/build
"Part1.showNothingPlaying" start time: Aug 07 22:12 CEST
Output:
----------------------------------------------------------
Running main() from /Users/me/Desktop/google/google-code-sample/cpp/build/_deps/googletest-src/googletest/src/gtest_main.cc
Note: Google Test filter = Part1.showNothingPlaying
[==========] Running 1 test from 1 test suite.
[----------] Global test environment set-up.
[----------] 1 test from Part1
[ RUN      ] Part1.showNothingPlaying
[       OK ] Part1.showNothingPlaying (0 ms)
[----------] 1 test from Part1 (0 ms total)

[----------] Global test environment tear-down
[==========] 1 test from 1 test suite ran. (0 ms total)
[  PASSED  ] 1 test.
<end of output>
Test time =   0.01 sec
----------------------------------------------------------
Test Passed.
"Part1.showNothingPlaying" end time: Aug 07 22:12 CEST
"Part1.showNothingPlaying" time elapsed: 00:00:00
----------------------------------------------------------

14/71 Testing: Part1.pauseVideo
14/71 Test: Part1.pauseVideo
Command: "/Users/me/Desktop/google/google-code-sample/cpp/build/part1_test" "--gtest_filter=Part1.pauseVideo" "--gtest_also_run_disabled_tests"
Directory: /Users/me/Desktop/google/google-code-sample/cpp/build
"Part1.pauseVideo" start time: Aug 07 22:12 CEST
Output:
----------------------------------------------------------
Running main() from /Users/me/Desktop/google/google-code-sample/cpp/build/_deps/googletest-src/googletest/src/gtest_main.cc
Note: Google Test filter = Part1.pauseVideo
[==========] Running 1 test from 1 test suite.
[----------] Global test environment set-up.
[----------] 1 test from Part1
[ RUN      ] Part1.pauseVideo
[       OK ] Part1.pauseVideo (2 ms)
[----------] 1 test from Part1 (2 ms total)

[----------] Global test environment tear-down
[==========] 1 test from 1 test suite ran. (2 ms total)
[  PASSED  ] 1 test.
<end of output>
Test time =   0.01 sec
----------------------------------------------------------
Test Passed.
"Part1.pauseVideo" end time: Aug 07 22:12 CEST
"Part1.pauseVideo" time elapsed: 00:00:00
----------------------------------------------------------

15/71 Testing: Part1.pauseVideoShowVideo
15/71 Test: Part1.pauseVideoShowVideo
Command: "/Users/me/Desktop/google/google-code-sample/cpp/build/part1_test" "--gtest_filter=Part1.pauseVideoShowVideo" "--gtest_also_run_disabled_tests"
Directory: /Users/me/Desktop/google/google-code-sample/cpp/build
"Part1.pauseVideoShowVideo" start time: Aug 07 22:12 CEST
Output:
----------------------------------------------------------
Running main() from /Users/me/Desktop/google/google-code-sample/cpp/build/_deps/googletest-src/googletest/src/gtest_main.cc
Note: Google Test filter = Part1.pauseVideoShowVideo
[==========] Running 1 test from 1 test suite.
[----------] Global test environment set-up.
[----------] 1 test from Part1
[ RUN      ] Part1.pauseVideoShowVideo
[       OK ] Part1.pauseVideoShowVideo (1 ms)
[----------] 1 test from Part1 (1 ms total)

[----------] Global test environment tear-down
[==========] 1 test from 1 test suite ran. (1 ms total)
[  PASSED  ] 1 test.
<end of output>
Test time =   0.01 sec
----------------------------------------------------------
Test Passed.
"Part1.pauseVideoShowVideo" end time: Aug 07 22:12 CEST
"Part1.pauseVideoShowVideo" time elapsed: 00:00:00
----------------------------------------------------------

16/71 Testing: Part1.pauseVideoPlayVideo
16/71 Test: Part1.pauseVideoPlayVideo
Command: "/Users/me/Desktop/google/google-code-sample/cpp/build/part1_test" "--gtest_filter=Part1.pauseVideoPlayVideo" "--gtest_also_run_disabled_tests"
Directory: /Users/me/Desktop/google/google-code-sample/cpp/build
"Part1.pauseVideoPlayVideo" start time: Aug 07 22:12 CEST
Output:
----------------------------------------------------------
Running main() from /Users/me/Desktop/google/google-code-sample/cpp/build/_deps/googletest-src/googletest/src/gtest_main.cc
Note: Google Test filter = Part1.pauseVideoPlayVideo
[==========] Running 1 test from 1 test suite.
[----------] Global test environment set-up.
[----------] 1 test from Part1
[ RUN      ] Part1.pauseVideoPlayVideo
[       OK ] Part1.pauseVideoPlayVideo (0 ms)
[----------] 1 test from Part1 (0 ms total)

[----------] Global test environment tear-down
[==========] 1 test from 1 test suite ran. (1 ms total)
[  PASSED  ] 1 test.
<end of output>
Test time =   0.01 sec
----------------------------------------------------------
Test Passed.
"Part1.pauseVideoPlayVideo" end time: Aug 07 22:12 CEST
"Part1.pauseVideoPlayVideo" time elapsed: 00:00:00
----------------------------------------------------------

17/71 Testing: Part1.pauseAlreadyPausedVideo
17/71 Test: Part1.pauseAlreadyPausedVideo
Command: "/Users/me/Desktop/google/google-code-sample/cpp/build/part1_test" "--gtest_filter=Part1.pauseAlreadyPausedVideo" "--gtest_also_run_disabled_tests"
Directory: /Users/me/Desktop/google/google-code-sample/cpp/build
"Part1.pauseAlreadyPausedVideo" start time: Aug 07 22:12 CEST
Output:
----------------------------------------------------------
Running main() from /Users/me/Desktop/google/google-code-sample/cpp/build/_deps/googletest-src/googletest/src/gtest_main.cc
Note: Google Test filter = Part1.pauseAlreadyPausedVideo
[==========] Running 1 test from 1 test suite.
[----------] Global test environment set-up.
[----------] 1 test from Part1
[ RUN      ] Part1.pauseAlreadyPausedVideo
[       OK ] Part1.pauseAlreadyPausedVideo (1 ms)
[----------] 1 test from Part1 (1 ms total)

[----------] Global test environment tear-down
[==========] 1 test from 1 test suite ran. (1 ms total)
[  PASSED  ] 1 test.
<end of output>
Test time =   0.01 sec
----------------------------------------------------------
Test Passed.
"Part1.pauseAlreadyPausedVideo" end time: Aug 07 22:12 CEST
"Part1.pauseAlreadyPausedVideo" time elapsed: 00:00:00
----------------------------------------------------------

18/71 Testing: Part1.pauseVideoNothingPlaying
18/71 Test: Part1.pauseVideoNothingPlaying
Command: "/Users/me/Desktop/google/google-code-sample/cpp/build/part1_test" "--gtest_filter=Part1.pauseVideoNothingPlaying" "--gtest_also_run_disabled_tests"
Directory: /Users/me/Desktop/google/google-code-sample/cpp/build
"Part1.pauseVideoNothingPlaying" start time: Aug 07 22:12 CEST
Output:
----------------------------------------------------------
Running main() from /Users/me/Desktop/google/google-code-sample/cpp/build/_deps/googletest-src/googletest/src/gtest_main.cc
Note: Google Test filter = Part1.pauseVideoNothingPlaying
[==========] Running 1 test from 1 test suite.
[----------] Global test environment set-up.
[----------] 1 test from Part1
[ RUN      ] Part1.pauseVideoNothingPlaying
[       OK ] Part1.pauseVideoNothingPlaying (0 ms)
[----------] 1 test from Part1 (0 ms total)

[----------] Global test environment tear-down
[==========] 1 test from 1 test suite ran. (1 ms total)
[  PASSED  ] 1 test.
<end of output>
Test time =   0.01 sec
----------------------------------------------------------
Test Passed.
"Part1.pauseVideoNothingPlaying" end time: Aug 07 22:12 CEST
"Part1.pauseVideoNothingPlaying" time elapsed: 00:00:00
----------------------------------------------------------

19/71 Testing: Part1.continueVideo
19/71 Test: Part1.continueVideo
Command: "/Users/me/Desktop/google/google-code-sample/cpp/build/part1_test" "--gtest_filter=Part1.continueVideo" "--gtest_also_run_disabled_tests"
Directory: /Users/me/Desktop/google/google-code-sample/cpp/build
"Part1.continueVideo" start time: Aug 07 22:12 CEST
Output:
----------------------------------------------------------
Running main() from /Users/me/Desktop/google/google-code-sample/cpp/build/_deps/googletest-src/googletest/src/gtest_main.cc
Note: Google Test filter = Part1.continueVideo
[==========] Running 1 test from 1 test suite.
[----------] Global test environment set-up.
[----------] 1 test from Part1
[ RUN      ] Part1.continueVideo
[       OK ] Part1.continueVideo (1 ms)
[----------] 1 test from Part1 (1 ms total)

[----------] Global test environment tear-down
[==========] 1 test from 1 test suite ran. (2 ms total)
[  PASSED  ] 1 test.
<end of output>
Test time =   0.01 sec
----------------------------------------------------------
Test Passed.
"Part1.continueVideo" end time: Aug 07 22:12 CEST
"Part1.continueVideo" time elapsed: 00:00:00
----------------------------------------------------------

20/71 Testing: Part1.continueVideoNotPaused
20/71 Test: Part1.continueVideoNotPaused
Command: "/Users/me/Desktop/google/google-code-sample/cpp/build/part1_test" "--gtest_filter=Part1.continueVideoNotPaused" "--gtest_also_run_disabled_tests"
Directory: /Users/me/Desktop/google/google-code-sample/cpp/build
"Part1.continueVideoNotPaused" start time: Aug 07 22:12 CEST
Output:
----------------------------------------------------------
Running main() from /Users/me/Desktop/google/google-code-sample/cpp/build/_deps/googletest-src/googletest/src/gtest_main.cc
Note: Google Test filter = Part1.continueVideoNotPaused
[==========] Running 1 test from 1 test suite.
[----------] Global test environment set-up.
[----------] 1 test from Part1
[ RUN      ] Part1.continueVideoNotPaused
[       OK ] Part1.continueVideoNotPaused (2 ms)
[----------] 1 test from Part1 (2 ms total)

[----------] Global test environment tear-down
[==========] 1 test from 1 test suite ran. (2 ms total)
[  PASSED  ] 1 test.
<end of output>
Test time =   0.01 sec
----------------------------------------------------------
Test Passed.
"Part1.continueVideoNotPaused" end time: Aug 07 22:12 CEST
"Part1.continueVideoNotPaused" time elapsed: 00:00:00
----------------------------------------------------------

21/71 Testing: Part1.continueVideoNothingPlaying
21/71 Test: Part1.continueVideoNothingPlaying
Command: "/Users/me/Desktop/google/google-code-sample/cpp/build/part1_test" "--gtest_filter=Part1.continueVideoNothingPlaying" "--gtest_also_run_disabled_tests"
Directory: /Users/me/Desktop/google/google-code-sample/cpp/build
"Part1.continueVideoNothingPlaying" start time: Aug 07 22:12 CEST
Output:
----------------------------------------------------------
Running main() from /Users/me/Desktop/google/google-code-sample/cpp/build/_deps/googletest-src/googletest/src/gtest_main.cc
Note: Google Test filter = Part1.continueVideoNothingPlaying
[==========] Running 1 test from 1 test suite.
[----------] Global test environment set-up.
[----------] 1 test from Part1
[ RUN      ] Part1.continueVideoNothingPlaying
[       OK ] Part1.continueVideoNothingPlaying (1 ms)
[----------] 1 test from Part1 (1 ms total)

[----------] Global test environment tear-down
[==========] 1 test from 1 test suite ran. (1 ms total)
[  PASSED  ] 1 test.
<end of output>
Test time =   0.01 sec
----------------------------------------------------------
Test Passed.
"Part1.continueVideoNothingPlaying" end time: Aug 07 22:12 CEST
"Part1.continueVideoNothingPlaying" time elapsed: 00:00:00
----------------------------------------------------------

22/71 Testing: Part2.createPlaylist
22/71 Test: Part2.createPlaylist
Command: "/Users/me/Desktop/google/google-code-sample/cpp/build/part2_test" "--gtest_filter=Part2.createPlaylist" "--gtest_also_run_disabled_tests"
Directory: /Users/me/Desktop/google/google-code-sample/cpp/build
"Part2.createPlaylist" start time: Aug 07 22:12 CEST
Output:
----------------------------------------------------------
Running main() from /Users/me/Desktop/google/google-code-sample/cpp/build/_deps/googletest-src/googletest/src/gtest_main.cc
Note: Google Test filter = Part2.createPlaylist
[==========] Running 1 test from 1 test suite.
[----------] Global test environment set-up.
[----------] 1 test from Part2
[ RUN      ] Part2.createPlaylist
/Users/me/Desktop/google/google-code-sample/cpp/test/part2_test.cpp:18: Failure
Value of: commandOutput[0]
Expected: has substring "Successfully created new playlist: mY_plaYList"
  Actual: "createPlaylist needs implementation"
[  FAILED  ] Part2.createPlaylist (1 ms)
[----------] 1 test from Part2 (1 ms total)

[----------] Global test environment tear-down
[==========] 1 test from 1 test suite ran. (1 ms total)
[  PASSED  ] 0 tests.
[  FAILED  ] 1 test, listed below:
[  FAILED  ] Part2.createPlaylist

 1 FAILED TEST
<end of output>
Test time =   0.01 sec
----------------------------------------------------------
Test Failed.
"Part2.createPlaylist" end time: Aug 07 22:12 CEST
"Part2.createPlaylist" time elapsed: 00:00:00
----------------------------------------------------------

23/71 Testing: Part2.createExistingPlaylist
23/71 Test: Part2.createExistingPlaylist
Command: "/Users/me/Desktop/google/google-code-sample/cpp/build/part2_test" "--gtest_filter=Part2.createExistingPlaylist" "--gtest_also_run_disabled_tests"
Directory: /Users/me/Desktop/google/google-code-sample/cpp/build
"Part2.createExistingPlaylist" start time: Aug 07 22:12 CEST
Output:
----------------------------------------------------------
Running main() from /Users/me/Desktop/google/google-code-sample/cpp/build/_deps/googletest-src/googletest/src/gtest_main.cc
Note: Google Test filter = Part2.createExistingPlaylist
[==========] Running 1 test from 1 test suite.
[----------] Global test environment set-up.
[----------] 1 test from Part2
[ RUN      ] Part2.createExistingPlaylist
/Users/me/Desktop/google/google-code-sample/cpp/test/part2_test.cpp:30: Failure
Value of: commandOutput[0]
Expected: has substring "Successfully created new playlist: mY_plaYList"
  Actual: "createPlaylist needs implementation"
/Users/me/Desktop/google/google-code-sample/cpp/test/part2_test.cpp:32: Failure
Value of: commandOutput[1]
Expected: has substring "Cannot create playlist: A playlist with the same name already exists"
  Actual: "createPlaylist needs implementation"
[  FAILED  ] Part2.createExistingPlaylist (1 ms)
[----------] 1 test from Part2 (1 ms total)

[----------] Global test environment tear-down
[==========] 1 test from 1 test suite ran. (1 ms total)
[  PASSED  ] 0 tests.
[  FAILED  ] 1 test, listed below:
[  FAILED  ] Part2.createExistingPlaylist

 1 FAILED TEST
<end of output>
Test time =   0.01 sec
----------------------------------------------------------
Test Failed.
"Part2.createExistingPlaylist" end time: Aug 07 22:12 CEST
"Part2.createExistingPlaylist" time elapsed: 00:00:00
----------------------------------------------------------

24/71 Testing: Part2.addToPlaylist
24/71 Test: Part2.addToPlaylist
Command: "/Users/me/Desktop/google/google-code-sample/cpp/build/part2_test" "--gtest_filter=Part2.addToPlaylist" "--gtest_also_run_disabled_tests"
Directory: /Users/me/Desktop/google/google-code-sample/cpp/build
"Part2.addToPlaylist" start time: Aug 07 22:12 CEST
Output:
----------------------------------------------------------
Running main() from /Users/me/Desktop/google/google-code-sample/cpp/build/_deps/googletest-src/googletest/src/gtest_main.cc
Note: Google Test filter = Part2.addToPlaylist
[==========] Running 1 test from 1 test suite.
[----------] Global test environment set-up.
[----------] 1 test from Part2
[ RUN      ] Part2.addToPlaylist
/Users/me/Desktop/google/google-code-sample/cpp/test/part2_test.cpp:44: Failure
Value of: commandOutput[0]
Expected: has substring "Successfully created new playlist: mY_plaYList"
  Actual: "createPlaylist needs implementation"
/Users/me/Desktop/google/google-code-sample/cpp/test/part2_test.cpp:45: Failure
Value of: commandOutput[1]
Expected: has substring "Added video to mY_playLIST: Amazing Cats"
  Actual: "addVideoToPlaylist needs implementation"
[  FAILED  ] Part2.addToPlaylist (1 ms)
[----------] 1 test from Part2 (1 ms total)

[----------] Global test environment tear-down
[==========] 1 test from 1 test suite ran. (1 ms total)
[  PASSED  ] 0 tests.
[  FAILED  ] 1 test, listed below:
[  FAILED  ] Part2.addToPlaylist

 1 FAILED TEST
<end of output>
Test time =   0.01 sec
----------------------------------------------------------
Test Failed.
"Part2.addToPlaylist" end time: Aug 07 22:12 CEST
"Part2.addToPlaylist" time elapsed: 00:00:00
----------------------------------------------------------

25/71 Testing: Part2.addToPlaylistAlreadyAdded
25/71 Test: Part2.addToPlaylistAlreadyAdded
Command: "/Users/me/Desktop/google/google-code-sample/cpp/build/part2_test" "--gtest_filter=Part2.addToPlaylistAlreadyAdded" "--gtest_also_run_disabled_tests"
Directory: /Users/me/Desktop/google/google-code-sample/cpp/build
"Part2.addToPlaylistAlreadyAdded" start time: Aug 07 22:12 CEST
Output:
----------------------------------------------------------
Running main() from /Users/me/Desktop/google/google-code-sample/cpp/build/_deps/googletest-src/googletest/src/gtest_main.cc
Note: Google Test filter = Part2.addToPlaylistAlreadyAdded
[==========] Running 1 test from 1 test suite.
[----------] Global test environment set-up.
[----------] 1 test from Part2
[ RUN      ] Part2.addToPlaylistAlreadyAdded
/Users/me/Desktop/google/google-code-sample/cpp/test/part2_test.cpp:58: Failure
Value of: commandOutput[0]
Expected: has substring "Successfully created new playlist: mY_plaYList"
  Actual: "createPlaylist needs implementation"
/Users/me/Desktop/google/google-code-sample/cpp/test/part2_test.cpp:59: Failure
Value of: commandOutput[1]
Expected: has substring "Added video to mY_plaYList: Amazing Cats"
  Actual: "addVideoToPlaylist needs implementation"
/Users/me/Desktop/google/google-code-sample/cpp/test/part2_test.cpp:62: Failure
Value of: commandOutput[2]
Expected: has substring "Cannot add video to mY_plaYList: Video already added"
  Actual: "addVideoToPlaylist needs implementation"
[  FAILED  ] Part2.addToPlaylistAlreadyAdded (1 ms)
[----------] 1 test from Part2 (1 ms total)

[----------] Global test environment tear-down
[==========] 1 test from 1 test suite ran. (1 ms total)
[  PASSED  ] 0 tests.
[  FAILED  ] 1 test, listed below:
[  FAILED  ] Part2.addToPlaylistAlreadyAdded

 1 FAILED TEST
<end of output>
Test time =   0.01 sec
----------------------------------------------------------
Test Failed.
"Part2.addToPlaylistAlreadyAdded" end time: Aug 07 22:12 CEST
"Part2.addToPlaylistAlreadyAdded" time elapsed: 00:00:00
----------------------------------------------------------

26/71 Testing: Part2.addVideoToPlaylistNonExistentVideo
26/71 Test: Part2.addVideoToPlaylistNonExistentVideo
Command: "/Users/me/Desktop/google/google-code-sample/cpp/build/part2_test" "--gtest_filter=Part2.addVideoToPlaylistNonExistentVideo" "--gtest_also_run_disabled_tests"
Directory: /Users/me/Desktop/google/google-code-sample/cpp/build
"Part2.addVideoToPlaylistNonExistentVideo" start time: Aug 07 22:12 CEST
Output:
----------------------------------------------------------
Running main() from /Users/me/Desktop/google/google-code-sample/cpp/build/_deps/googletest-src/googletest/src/gtest_main.cc
Note: Google Test filter = Part2.addVideoToPlaylistNonExistentVideo
[==========] Running 1 test from 1 test suite.
[----------] Global test environment set-up.
[----------] 1 test from Part2
[ RUN      ] Part2.addVideoToPlaylistNonExistentVideo
/Users/me/Desktop/google/google-code-sample/cpp/test/part2_test.cpp:75: Failure
Value of: commandOutput[0]
Expected: has substring "Successfully created new playlist: mY_plaYList"
  Actual: "createPlaylist needs implementation"
/Users/me/Desktop/google/google-code-sample/cpp/test/part2_test.cpp:76: Failure
Value of: commandOutput[1]
Expected: has substring "Added video to mY_plaYList: Amazing Cats"
  Actual: "addVideoToPlaylist needs implementation"
/Users/me/Desktop/google/google-code-sample/cpp/test/part2_test.cpp:79: Failure
Value of: commandOutput[2]
Expected: has substring "Cannot add video to mY_plaYList: Video does not exist"
  Actual: "addVideoToPlaylist needs implementation"
[  FAILED  ] Part2.addVideoToPlaylistNonExistentVideo (1 ms)
[----------] 1 test from Part2 (1 ms total)

[----------] Global test environment tear-down
[==========] 1 test from 1 test suite ran. (1 ms total)
[  PASSED  ] 0 tests.
[  FAILED  ] 1 test, listed below:
[  FAILED  ] Part2.addVideoToPlaylistNonExistentVideo

 1 FAILED TEST
<end of output>
Test time =   0.01 sec
----------------------------------------------------------
Test Failed.
"Part2.addVideoToPlaylistNonExistentVideo" end time: Aug 07 22:12 CEST
"Part2.addVideoToPlaylistNonExistentVideo" time elapsed: 00:00:00
----------------------------------------------------------

27/71 Testing: Part2.addVideoToPlaylistNonExistent
27/71 Test: Part2.addVideoToPlaylistNonExistent
Command: "/Users/me/Desktop/google/google-code-sample/cpp/build/part2_test" "--gtest_filter=Part2.addVideoToPlaylistNonExistent" "--gtest_also_run_disabled_tests"
Directory: /Users/me/Desktop/google/google-code-sample/cpp/build
"Part2.addVideoToPlaylistNonExistent" start time: Aug 07 22:12 CEST
Output:
----------------------------------------------------------
Running main() from /Users/me/Desktop/google/google-code-sample/cpp/build/_deps/googletest-src/googletest/src/gtest_main.cc
Note: Google Test filter = Part2.addVideoToPlaylistNonExistent
[==========] Running 1 test from 1 test suite.
[----------] Global test environment set-up.
[----------] 1 test from Part2
[ RUN      ] Part2.addVideoToPlaylistNonExistent
/Users/me/Desktop/google/google-code-sample/cpp/test/part2_test.cpp:92: Failure
Value of: commandOutput[0]
Expected: has substring "Cannot add video to anotHER_playlist: Playlist does not exist"
  Actual: "addVideoToPlaylist needs implementation"
[  FAILED  ] Part2.addVideoToPlaylistNonExistent (0 ms)
[----------] 1 test from Part2 (0 ms total)

[----------] Global test environment tear-down
[==========] 1 test from 1 test suite ran. (1 ms total)
[  PASSED  ] 0 tests.
[  FAILED  ] 1 test, listed below:
[  FAILED  ] Part2.addVideoToPlaylistNonExistent

 1 FAILED TEST
<end of output>
Test time =   0.01 sec
----------------------------------------------------------
Test Failed.
"Part2.addVideoToPlaylistNonExistent" end time: Aug 07 22:12 CEST
"Part2.addVideoToPlaylistNonExistent" time elapsed: 00:00:00
----------------------------------------------------------

28/71 Testing: Part2.addVideoToPlaylistNonExistentNoPlaylistNoVideo
28/71 Test: Part2.addVideoToPlaylistNonExistentNoPlaylistNoVideo
Command: "/Users/me/Desktop/google/google-code-sample/cpp/build/part2_test" "--gtest_filter=Part2.addVideoToPlaylistNonExistentNoPlaylistNoVideo" "--gtest_also_run_disabled_tests"
Directory: /Users/me/Desktop/google/google-code-sample/cpp/build
"Part2.addVideoToPlaylistNonExistentNoPlaylistNoVideo" start time: Aug 07 22:12 CEST
Output:
----------------------------------------------------------
Running main() from /Users/me/Desktop/google/google-code-sample/cpp/build/_deps/googletest-src/googletest/src/gtest_main.cc
Note: Google Test filter = Part2.addVideoToPlaylistNonExistentNoPlaylistNoVideo
[==========] Running 1 test from 1 test suite.
[----------] Global test environment set-up.
[----------] 1 test from Part2
[ RUN      ] Part2.addVideoToPlaylistNonExistentNoPlaylistNoVideo
/Users/me/Desktop/google/google-code-sample/cpp/test/part2_test.cpp:105: Failure
Value of: commandOutput[0]
Expected: has substring "Cannot add video to anotHER_playlist: Playlist does not exist"
  Actual: "addVideoToPlaylist needs implementation"
[  FAILED  ] Part2.addVideoToPlaylistNonExistentNoPlaylistNoVideo (0 ms)
[----------] 1 test from Part2 (0 ms total)

[----------] Global test environment tear-down
[==========] 1 test from 1 test suite ran. (1 ms total)
[  PASSED  ] 0 tests.
[  FAILED  ] 1 test, listed below:
[  FAILED  ] Part2.addVideoToPlaylistNonExistentNoPlaylistNoVideo

 1 FAILED TEST
<end of output>
Test time =   0.01 sec
----------------------------------------------------------
Test Failed.
"Part2.addVideoToPlaylistNonExistentNoPlaylistNoVideo" end time: Aug 07 22:12 CEST
"Part2.addVideoToPlaylistNonExistentNoPlaylistNoVideo" time elapsed: 00:00:00
----------------------------------------------------------

29/71 Testing: Part2.showAllPlaylistsNoPlaylistsExist
29/71 Test: Part2.showAllPlaylistsNoPlaylistsExist
Command: "/Users/me/Desktop/google/google-code-sample/cpp/build/part2_test" "--gtest_filter=Part2.showAllPlaylistsNoPlaylistsExist" "--gtest_also_run_disabled_tests"
Directory: /Users/me/Desktop/google/google-code-sample/cpp/build
"Part2.showAllPlaylistsNoPlaylistsExist" start time: Aug 07 22:12 CEST
Output:
----------------------------------------------------------
Running main() from /Users/me/Desktop/google/google-code-sample/cpp/build/_deps/googletest-src/googletest/src/gtest_main.cc
Note: Google Test filter = Part2.showAllPlaylistsNoPlaylistsExist
[==========] Running 1 test from 1 test suite.
[----------] Global test environment set-up.
[----------] 1 test from Part2
[ RUN      ] Part2.showAllPlaylistsNoPlaylistsExist
/Users/me/Desktop/google/google-code-sample/cpp/test/part2_test.cpp:115: Failure
Value of: commandOutput[0]
Expected: has substring "No playlists exist yet"
  Actual: "showAllPlaylists needs implementation"
[  FAILED  ] Part2.showAllPlaylistsNoPlaylistsExist (2 ms)
[----------] 1 test from Part2 (2 ms total)

[----------] Global test environment tear-down
[==========] 1 test from 1 test suite ran. (2 ms total)
[  PASSED  ] 0 tests.
[  FAILED  ] 1 test, listed below:
[  FAILED  ] Part2.showAllPlaylistsNoPlaylistsExist

 1 FAILED TEST
<end of output>
Test time =   0.01 sec
----------------------------------------------------------
Test Failed.
"Part2.showAllPlaylistsNoPlaylistsExist" end time: Aug 07 22:12 CEST
"Part2.showAllPlaylistsNoPlaylistsExist" time elapsed: 00:00:00
----------------------------------------------------------

30/71 Testing: Part2.showAllPlaylist
30/71 Test: Part2.showAllPlaylist
Command: "/Users/me/Desktop/google/google-code-sample/cpp/build/part2_test" "--gtest_filter=Part2.showAllPlaylist" "--gtest_also_run_disabled_tests"
Directory: /Users/me/Desktop/google/google-code-sample/cpp/build
"Part2.showAllPlaylist" start time: Aug 07 22:12 CEST
Output:
----------------------------------------------------------
Running main() from /Users/me/Desktop/google/google-code-sample/cpp/build/_deps/googletest-src/googletest/src/gtest_main.cc
Note: Google Test filter = Part2.showAllPlaylist
[==========] Running 1 test from 1 test suite.
[----------] Global test environment set-up.
[----------] 1 test from Part2
[ RUN      ] Part2.showAllPlaylist
/Users/me/Desktop/google/google-code-sample/cpp/test/part2_test.cpp:126: Failure
Expected equality of these values:
  commandOutput.size()
    Which is: 3
  5
[  FAILED  ] Part2.showAllPlaylist (0 ms)
[----------] 1 test from Part2 (1 ms total)

[----------] Global test environment tear-down
[==========] 1 test from 1 test suite ran. (1 ms total)
[  PASSED  ] 0 tests.
[  FAILED  ] 1 test, listed below:
[  FAILED  ] Part2.showAllPlaylist

 1 FAILED TEST
<end of output>
Test time =   0.01 sec
----------------------------------------------------------
Test Failed.
"Part2.showAllPlaylist" end time: Aug 07 22:12 CEST
"Part2.showAllPlaylist" time elapsed: 00:00:00
----------------------------------------------------------

31/71 Testing: Part2.showPlaylist
31/71 Test: Part2.showPlaylist
Command: "/Users/me/Desktop/google/google-code-sample/cpp/build/part2_test" "--gtest_filter=Part2.showPlaylist" "--gtest_also_run_disabled_tests"
Directory: /Users/me/Desktop/google/google-code-sample/cpp/build
"Part2.showPlaylist" start time: Aug 07 22:12 CEST
Output:
----------------------------------------------------------
Running main() from /Users/me/Desktop/google/google-code-sample/cpp/build/_deps/googletest-src/googletest/src/gtest_main.cc
Note: Google Test filter = Part2.showPlaylist
[==========] Running 1 test from 1 test suite.
[----------] Global test environment set-up.
[----------] 1 test from Part2
[ RUN      ] Part2.showPlaylist
/Users/me/Desktop/google/google-code-sample/cpp/test/part2_test.cpp:141: Failure
Expected equality of these values:
  commandOutput.size()
    Which is: 4
  6
[  FAILED  ] Part2.showPlaylist (1 ms)
[----------] 1 test from Part2 (1 ms total)

[----------] Global test environment tear-down
[==========] 1 test from 1 test suite ran. (1 ms total)
[  PASSED  ] 0 tests.
[  FAILED  ] 1 test, listed below:
[  FAILED  ] Part2.showPlaylist

 1 FAILED TEST
<end of output>
Test time =   0.01 sec
----------------------------------------------------------
Test Failed.
"Part2.showPlaylist" end time: Aug 07 22:12 CEST
"Part2.showPlaylist" time elapsed: 00:00:00
----------------------------------------------------------

32/71 Testing: Part2.showPlaylistAfterRemoveAVideoFromPlaylistThenReAdd
32/71 Test: Part2.showPlaylistAfterRemoveAVideoFromPlaylistThenReAdd
Command: "/Users/me/Desktop/google/google-code-sample/cpp/build/part2_test" "--gtest_filter=Part2.showPlaylistAfterRemoveAVideoFromPlaylistThenReAdd" "--gtest_also_run_disabled_tests"
Directory: /Users/me/Desktop/google/google-code-sample/cpp/build
"Part2.showPlaylistAfterRemoveAVideoFromPlaylistThenReAdd" start time: Aug 07 22:12 CEST
Output:
----------------------------------------------------------
Running main() from /Users/me/Desktop/google/google-code-sample/cpp/build/_deps/googletest-src/googletest/src/gtest_main.cc
Note: Google Test filter = Part2.showPlaylistAfterRemoveAVideoFromPlaylistThenReAdd
[==========] Running 1 test from 1 test suite.
[----------] Global test environment set-up.
[----------] 1 test from Part2
[ RUN      ] Part2.showPlaylistAfterRemoveAVideoFromPlaylistThenReAdd
/Users/me/Desktop/google/google-code-sample/cpp/test/part2_test.cpp:163: Failure
Expected equality of these values:
  commandOutput.size()
    Which is: 6
  8
[  FAILED  ] Part2.showPlaylistAfterRemoveAVideoFromPlaylistThenReAdd (1 ms)
[----------] 1 test from Part2 (1 ms total)

[----------] Global test environment tear-down
[==========] 1 test from 1 test suite ran. (2 ms total)
[  PASSED  ] 0 tests.
[  FAILED  ] 1 test, listed below:
[  FAILED  ] Part2.showPlaylistAfterRemoveAVideoFromPlaylistThenReAdd

 1 FAILED TEST
<end of output>
Test time =   0.01 sec
----------------------------------------------------------
Test Failed.
"Part2.showPlaylistAfterRemoveAVideoFromPlaylistThenReAdd" end time: Aug 07 22:12 CEST
"Part2.showPlaylistAfterRemoveAVideoFromPlaylistThenReAdd" time elapsed: 00:00:00
----------------------------------------------------------

33/71 Testing: Part2.showPlaylistNonExistent
33/71 Test: Part2.showPlaylistNonExistent
Command: "/Users/me/Desktop/google/google-code-sample/cpp/build/part2_test" "--gtest_filter=Part2.showPlaylistNonExistent" "--gtest_also_run_disabled_tests"
Directory: /Users/me/Desktop/google/google-code-sample/cpp/build
"Part2.showPlaylistNonExistent" start time: Aug 07 22:12 CEST
Output:
----------------------------------------------------------
Running main() from /Users/me/Desktop/google/google-code-sample/cpp/build/_deps/googletest-src/googletest/src/gtest_main.cc
Note: Google Test filter = Part2.showPlaylistNonExistent
[==========] Running 1 test from 1 test suite.
[----------] Global test environment set-up.
[----------] 1 test from Part2
[ RUN      ] Part2.showPlaylistNonExistent
/Users/me/Desktop/google/google-code-sample/cpp/test/part2_test.cpp:180: Failure
Value of: commandOutput[0]
Expected: has substring "Cannot show playlist mY_plaYList: Playlist does not exist"
  Actual: "showPlaylist needs implementation"
[  FAILED  ] Part2.showPlaylistNonExistent (0 ms)
[----------] 1 test from Part2 (0 ms total)

[----------] Global test environment tear-down
[==========] 1 test from 1 test suite ran. (1 ms total)
[  PASSED  ] 0 tests.
[  FAILED  ] 1 test, listed below:
[  FAILED  ] Part2.showPlaylistNonExistent

 1 FAILED TEST
<end of output>
Test time =   0.01 sec
----------------------------------------------------------
Test Failed.
"Part2.showPlaylistNonExistent" end time: Aug 07 22:12 CEST
"Part2.showPlaylistNonExistent" time elapsed: 00:00:00
----------------------------------------------------------

34/71 Testing: Part2.removeFromPlaylist
34/71 Test: Part2.removeFromPlaylist
Command: "/Users/me/Desktop/google/google-code-sample/cpp/build/part2_test" "--gtest_filter=Part2.removeFromPlaylist" "--gtest_also_run_disabled_tests"
Directory: /Users/me/Desktop/google/google-code-sample/cpp/build
"Part2.removeFromPlaylist" start time: Aug 07 22:12 CEST
Output:
----------------------------------------------------------
Running main() from /Users/me/Desktop/google/google-code-sample/cpp/build/_deps/googletest-src/googletest/src/gtest_main.cc
Note: Google Test filter = Part2.removeFromPlaylist
[==========] Running 1 test from 1 test suite.
[----------] Global test environment set-up.
[----------] 1 test from Part2
[ RUN      ] Part2.removeFromPlaylist
/Users/me/Desktop/google/google-code-sample/cpp/test/part2_test.cpp:194: Failure
Value of: commandOutput[0]
Expected: has substring "Successfully created new playlist: mY_plaYList"
  Actual: "createPlaylist needs implementation"
/Users/me/Desktop/google/google-code-sample/cpp/test/part2_test.cpp:195: Failure
Value of: commandOutput[1]
Expected: has substring "Added video to mY_plaYList: Amazing Cats"
  Actual: "addVideoToPlaylist needs implementation"
/Users/me/Desktop/google/google-code-sample/cpp/test/part2_test.cpp:197: Failure
Value of: commandOutput[2]
Expected: has substring "Removed video from MY_playlist: Amazing Cats"
  Actual: "removeFromPlaylist needs implementation"
/Users/me/Desktop/google/google-code-sample/cpp/test/part2_test.cpp:201: Failure
Value of: commandOutput[3]
Expected: has substring "Cannot remove video from mY_plaYList: Video is not in playlist"
  Actual: "removeFromPlaylist needs implementation"
[  FAILED  ] Part2.removeFromPlaylist (1 ms)
[----------] 1 test from Part2 (1 ms total)

[----------] Global test environment tear-down
[==========] 1 test from 1 test suite ran. (1 ms total)
[  PASSED  ] 0 tests.
[  FAILED  ] 1 test, listed below:
[  FAILED  ] Part2.removeFromPlaylist

 1 FAILED TEST
<end of output>
Test time =   0.01 sec
----------------------------------------------------------
Test Failed.
"Part2.removeFromPlaylist" end time: Aug 07 22:12 CEST
"Part2.removeFromPlaylist" time elapsed: 00:00:00
----------------------------------------------------------

35/71 Testing: Part2.removeFromPlaylistVideoNotInPlaylist
35/71 Test: Part2.removeFromPlaylistVideoNotInPlaylist
Command: "/Users/me/Desktop/google/google-code-sample/cpp/build/part2_test" "--gtest_filter=Part2.removeFromPlaylistVideoNotInPlaylist" "--gtest_also_run_disabled_tests"
Directory: /Users/me/Desktop/google/google-code-sample/cpp/build
"Part2.removeFromPlaylistVideoNotInPlaylist" start time: Aug 07 22:12 CEST
Output:
----------------------------------------------------------
Running main() from /Users/me/Desktop/google/google-code-sample/cpp/build/_deps/googletest-src/googletest/src/gtest_main.cc
Note: Google Test filter = Part2.removeFromPlaylistVideoNotInPlaylist
[==========] Running 1 test from 1 test suite.
[----------] Global test environment set-up.
[----------] 1 test from Part2
[ RUN      ] Part2.removeFromPlaylistVideoNotInPlaylist
/Users/me/Desktop/google/google-code-sample/cpp/test/part2_test.cpp:215: Failure
Value of: commandOutput[1]
Expected: has substring "Cannot remove video from mY_plaYList: Video is not in playlist"
  Actual: "removeFromPlaylist needs implementation"
[  FAILED  ] Part2.removeFromPlaylistVideoNotInPlaylist (0 ms)
[----------] 1 test from Part2 (0 ms total)

[----------] Global test environment tear-down
[==========] 1 test from 1 test suite ran. (1 ms total)
[  PASSED  ] 0 tests.
[  FAILED  ] 1 test, listed below:
[  FAILED  ] Part2.removeFromPlaylistVideoNotInPlaylist

 1 FAILED TEST
<end of output>
Test time =   0.01 sec
----------------------------------------------------------
Test Failed.
"Part2.removeFromPlaylistVideoNotInPlaylist" end time: Aug 07 22:12 CEST
"Part2.removeFromPlaylistVideoNotInPlaylist" time elapsed: 00:00:00
----------------------------------------------------------

36/71 Testing: Part2.removeFromPlaylistNonexistentVideo
36/71 Test: Part2.removeFromPlaylistNonexistentVideo
Command: "/Users/me/Desktop/google/google-code-sample/cpp/build/part2_test" "--gtest_filter=Part2.removeFromPlaylistNonexistentVideo" "--gtest_also_run_disabled_tests"
Directory: /Users/me/Desktop/google/google-code-sample/cpp/build
"Part2.removeFromPlaylistNonexistentVideo" start time: Aug 07 22:12 CEST
Output:
----------------------------------------------------------
Running main() from /Users/me/Desktop/google/google-code-sample/cpp/build/_deps/googletest-src/googletest/src/gtest_main.cc
Note: Google Test filter = Part2.removeFromPlaylistNonexistentVideo
[==========] Running 1 test from 1 test suite.
[----------] Global test environment set-up.
[----------] 1 test from Part2
[ RUN      ] Part2.removeFromPlaylistNonexistentVideo
/Users/me/Desktop/google/google-code-sample/cpp/test/part2_test.cpp:228: Failure
Value of: commandOutput[0]
Expected: has substring "Successfully created new playlist: mY_plaYList"
  Actual: "createPlaylist needs implementation"
/Users/me/Desktop/google/google-code-sample/cpp/test/part2_test.cpp:229: Failure
Value of: commandOutput[1]
Expected: has substring "Added video to mY_plaYList: Amazing Cats"
  Actual: "addVideoToPlaylist needs implementation"
/Users/me/Desktop/google/google-code-sample/cpp/test/part2_test.cpp:232: Failure
Value of: commandOutput[2]
Expected: has substring "Cannot remove video from mY_plaYList: Video does not exist"
  Actual: "removeFromPlaylist needs implementation"
[  FAILED  ] Part2.removeFromPlaylistNonexistentVideo (1 ms)
[----------] 1 test from Part2 (1 ms total)

[----------] Global test environment tear-down
[==========] 1 test from 1 test suite ran. (1 ms total)
[  PASSED  ] 0 tests.
[  FAILED  ] 1 test, listed below:
[  FAILED  ] Part2.removeFromPlaylistNonexistentVideo

 1 FAILED TEST
<end of output>
Test time =   0.01 sec
----------------------------------------------------------
Test Failed.
"Part2.removeFromPlaylistNonexistentVideo" end time: Aug 07 22:12 CEST
"Part2.removeFromPlaylistNonexistentVideo" time elapsed: 00:00:00
----------------------------------------------------------

37/71 Testing: Part2.removeFromPlaylistNonexistentPlaylist
37/71 Test: Part2.removeFromPlaylistNonexistentPlaylist
Command: "/Users/me/Desktop/google/google-code-sample/cpp/build/part2_test" "--gtest_filter=Part2.removeFromPlaylistNonexistentPlaylist" "--gtest_also_run_disabled_tests"
Directory: /Users/me/Desktop/google/google-code-sample/cpp/build
"Part2.removeFromPlaylistNonexistentPlaylist" start time: Aug 07 22:12 CEST
Output:
----------------------------------------------------------
Running main() from /Users/me/Desktop/google/google-code-sample/cpp/build/_deps/googletest-src/googletest/src/gtest_main.cc
Note: Google Test filter = Part2.removeFromPlaylistNonexistentPlaylist
[==========] Running 1 test from 1 test suite.
[----------] Global test environment set-up.
[----------] 1 test from Part2
[ RUN      ] Part2.removeFromPlaylistNonexistentPlaylist
/Users/me/Desktop/google/google-code-sample/cpp/test/part2_test.cpp:243: Failure
Value of: commandOutput[0]
Expected: has substring "Cannot remove video from my_cool_playlist: Playlist does not exist"
  Actual: "removeFromPlaylist needs implementation"
[  FAILED  ] Part2.removeFromPlaylistNonexistentPlaylist (1 ms)
[----------] 1 test from Part2 (1 ms total)

[----------] Global test environment tear-down
[==========] 1 test from 1 test suite ran. (1 ms total)
[  PASSED  ] 0 tests.
[  FAILED  ] 1 test, listed below:
[  FAILED  ] Part2.removeFromPlaylistNonexistentPlaylist

 1 FAILED TEST
<end of output>
Test time =   0.01 sec
----------------------------------------------------------
Test Failed.
"Part2.removeFromPlaylistNonexistentPlaylist" end time: Aug 07 22:12 CEST
"Part2.removeFromPlaylistNonexistentPlaylist" time elapsed: 00:00:00
----------------------------------------------------------

38/71 Testing: Part2.clearPlaylist
38/71 Test: Part2.clearPlaylist
Command: "/Users/me/Desktop/google/google-code-sample/cpp/build/part2_test" "--gtest_filter=Part2.clearPlaylist" "--gtest_also_run_disabled_tests"
Directory: /Users/me/Desktop/google/google-code-sample/cpp/build
"Part2.clearPlaylist" start time: Aug 07 22:12 CEST
Output:
----------------------------------------------------------
Running main() from /Users/me/Desktop/google/google-code-sample/cpp/build/_deps/googletest-src/googletest/src/gtest_main.cc
Note: Google Test filter = Part2.clearPlaylist
[==========] Running 1 test from 1 test suite.
[----------] Global test environment set-up.
[----------] 1 test from Part2
[ RUN      ] Part2.clearPlaylist
/Users/me/Desktop/google/google-code-sample/cpp/test/part2_test.cpp:256: Failure
Expected equality of these values:
  commandOutput.size()
    Which is: 5
  7
[  FAILED  ] Part2.clearPlaylist (1 ms)
[----------] 1 test from Part2 (1 ms total)

[----------] Global test environment tear-down
[==========] 1 test from 1 test suite ran. (1 ms total)
[  PASSED  ] 0 tests.
[  FAILED  ] 1 test, listed below:
[  FAILED  ] Part2.clearPlaylist

 1 FAILED TEST
<end of output>
Test time =   0.01 sec
----------------------------------------------------------
Test Failed.
"Part2.clearPlaylist" end time: Aug 07 22:12 CEST
"Part2.clearPlaylist" time elapsed: 00:00:00
----------------------------------------------------------

39/71 Testing: Part2.clearPlaylistNonexistent
39/71 Test: Part2.clearPlaylistNonexistent
Command: "/Users/me/Desktop/google/google-code-sample/cpp/build/part2_test" "--gtest_filter=Part2.clearPlaylistNonexistent" "--gtest_also_run_disabled_tests"
Directory: /Users/me/Desktop/google/google-code-sample/cpp/build
"Part2.clearPlaylistNonexistent" start time: Aug 07 22:12 CEST
Output:
----------------------------------------------------------
Running main() from /Users/me/Desktop/google/google-code-sample/cpp/build/_deps/googletest-src/googletest/src/gtest_main.cc
Note: Google Test filter = Part2.clearPlaylistNonexistent
[==========] Running 1 test from 1 test suite.
[----------] Global test environment set-up.
[----------] 1 test from Part2
[ RUN      ] Part2.clearPlaylistNonexistent
/Users/me/Desktop/google/google-code-sample/cpp/test/part2_test.cpp:278: Failure
Value of: commandOutput[0]
Expected: has substring "Cannot clear playlist mY_plaYList: Playlist does not exist"
  Actual: "clearPlaylist needs implementation"
[  FAILED  ] Part2.clearPlaylistNonexistent (0 ms)
[----------] 1 test from Part2 (0 ms total)

[----------] Global test environment tear-down
[==========] 1 test from 1 test suite ran. (1 ms total)
[  PASSED  ] 0 tests.
[  FAILED  ] 1 test, listed below:
[  FAILED  ] Part2.clearPlaylistNonexistent

 1 FAILED TEST
<end of output>
Test time =   0.01 sec
----------------------------------------------------------
Test Failed.
"Part2.clearPlaylistNonexistent" end time: Aug 07 22:12 CEST
"Part2.clearPlaylistNonexistent" time elapsed: 00:00:00
----------------------------------------------------------

40/71 Testing: Part2.deletePlaylist
40/71 Test: Part2.deletePlaylist
Command: "/Users/me/Desktop/google/google-code-sample/cpp/build/part2_test" "--gtest_filter=Part2.deletePlaylist" "--gtest_also_run_disabled_tests"
Directory: /Users/me/Desktop/google/google-code-sample/cpp/build
"Part2.deletePlaylist" start time: Aug 07 22:12 CEST
Output:
----------------------------------------------------------
Running main() from /Users/me/Desktop/google/google-code-sample/cpp/build/_deps/googletest-src/googletest/src/gtest_main.cc
Note: Google Test filter = Part2.deletePlaylist
[==========] Running 1 test from 1 test suite.
[----------] Global test environment set-up.
[----------] 1 test from Part2
[ RUN      ] Part2.deletePlaylist
/Users/me/Desktop/google/google-code-sample/cpp/test/part2_test.cpp:290: Failure
Value of: commandOutput[0]
Expected: has substring "Successfully created new playlist: mY_plaYList"
  Actual: "createPlaylist needs implementation"
/Users/me/Desktop/google/google-code-sample/cpp/test/part2_test.cpp:291: Failure
Value of: commandOutput[1]
Expected: has substring "Deleted playlist: MY_PLAYLIST"
  Actual: "deletePlaylist needs implementation"
[  FAILED  ] Part2.deletePlaylist (1 ms)
[----------] 1 test from Part2 (1 ms total)

[----------] Global test environment tear-down
[==========] 1 test from 1 test suite ran. (1 ms total)
[  PASSED  ] 0 tests.
[  FAILED  ] 1 test, listed below:
[  FAILED  ] Part2.deletePlaylist

 1 FAILED TEST
<end of output>
Test time =   0.01 sec
----------------------------------------------------------
Test Failed.
"Part2.deletePlaylist" end time: Aug 07 22:12 CEST
"Part2.deletePlaylist" time elapsed: 00:00:00
----------------------------------------------------------

41/71 Testing: Part2.deletePlaylistNonexistent
41/71 Test: Part2.deletePlaylistNonexistent
Command: "/Users/me/Desktop/google/google-code-sample/cpp/build/part2_test" "--gtest_filter=Part2.deletePlaylistNonexistent" "--gtest_also_run_disabled_tests"
Directory: /Users/me/Desktop/google/google-code-sample/cpp/build
"Part2.deletePlaylistNonexistent" start time: Aug 07 22:12 CEST
Output:
----------------------------------------------------------
Running main() from /Users/me/Desktop/google/google-code-sample/cpp/build/_deps/googletest-src/googletest/src/gtest_main.cc
Note: Google Test filter = Part2.deletePlaylistNonexistent
[==========] Running 1 test from 1 test suite.
[----------] Global test environment set-up.
[----------] 1 test from Part2
[ RUN      ] Part2.deletePlaylistNonexistent
/Users/me/Desktop/google/google-code-sample/cpp/test/part2_test.cpp:303: Failure
Value of: commandOutput[0]
Expected: has substring "Cannot delete playlist mY_plaYList: Playlist does not exist"
  Actual: "deletePlaylist needs implementation"
[  FAILED  ] Part2.deletePlaylistNonexistent (1 ms)
[----------] 1 test from Part2 (1 ms total)

[----------] Global test environment tear-down
[==========] 1 test from 1 test suite ran. (1 ms total)
[  PASSED  ] 0 tests.
[  FAILED  ] 1 test, listed below:
[  FAILED  ] Part2.deletePlaylistNonexistent

 1 FAILED TEST
<end of output>
Test time =   0.01 sec
----------------------------------------------------------
Test Failed.
"Part2.deletePlaylistNonexistent" end time: Aug 07 22:12 CEST
"Part2.deletePlaylistNonexistent" time elapsed: 00:00:00
----------------------------------------------------------

42/71 Testing: Part3.searchVideosWithNoAnswer
42/71 Test: Part3.searchVideosWithNoAnswer
Command: "/Users/me/Desktop/google/google-code-sample/cpp/build/part3_test" "--gtest_filter=Part3.searchVideosWithNoAnswer" "--gtest_also_run_disabled_tests"
Directory: /Users/me/Desktop/google/google-code-sample/cpp/build
"Part3.searchVideosWithNoAnswer" start time: Aug 07 22:12 CEST
Output:
----------------------------------------------------------
Running main() from /Users/me/Desktop/google/google-code-sample/cpp/build/_deps/googletest-src/googletest/src/gtest_main.cc
Note: Google Test filter = Part3.searchVideosWithNoAnswer
[==========] Running 1 test from 1 test suite.
[----------] Global test environment set-up.
[----------] 1 test from Part3
[ RUN      ] Part3.searchVideosWithNoAnswer
/Users/me/Desktop/google/google-code-sample/cpp/test/part3_test.cpp:20: Failure
Expected equality of these values:
  commandOutput.size()
    Which is: 1
  5
[  FAILED  ] Part3.searchVideosWithNoAnswer (0 ms)
[----------] 1 test from Part3 (0 ms total)

[----------] Global test environment tear-down
[==========] 1 test from 1 test suite ran. (0 ms total)
[  PASSED  ] 0 tests.
[  FAILED  ] 1 test, listed below:
[  FAILED  ] Part3.searchVideosWithNoAnswer

 1 FAILED TEST
<end of output>
Test time =   0.01 sec
----------------------------------------------------------
Test Failed.
"Part3.searchVideosWithNoAnswer" end time: Aug 07 22:12 CEST
"Part3.searchVideosWithNoAnswer" time elapsed: 00:00:00
----------------------------------------------------------

43/71 Testing: Part3.searchVideosAndPlayAnswer
43/71 Test: Part3.searchVideosAndPlayAnswer
Command: "/Users/me/Desktop/google/google-code-sample/cpp/build/part3_test" "--gtest_filter=Part3.searchVideosAndPlayAnswer" "--gtest_also_run_disabled_tests"
Directory: /Users/me/Desktop/google/google-code-sample/cpp/build
"Part3.searchVideosAndPlayAnswer" start time: Aug 07 22:12 CEST
Output:
----------------------------------------------------------
Running main() from /Users/me/Desktop/google/google-code-sample/cpp/build/_deps/googletest-src/googletest/src/gtest_main.cc
Note: Google Test filter = Part3.searchVideosAndPlayAnswer
[==========] Running 1 test from 1 test suite.
[----------] Global test environment set-up.
[----------] 1 test from Part3
[ RUN      ] Part3.searchVideosAndPlayAnswer
/Users/me/Desktop/google/google-code-sample/cpp/test/part3_test.cpp:43: Failure
Expected equality of these values:
  commandOutput.size()
    Which is: 1
  6
[  FAILED  ] Part3.searchVideosAndPlayAnswer (1 ms)
[----------] 1 test from Part3 (1 ms total)

[----------] Global test environment tear-down
[==========] 1 test from 1 test suite ran. (1 ms total)
[  PASSED  ] 0 tests.
[  FAILED  ] 1 test, listed below:
[  FAILED  ] Part3.searchVideosAndPlayAnswer

 1 FAILED TEST
<end of output>
Test time =   0.01 sec
----------------------------------------------------------
Test Failed.
"Part3.searchVideosAndPlayAnswer" end time: Aug 07 22:12 CEST
"Part3.searchVideosAndPlayAnswer" time elapsed: 00:00:00
----------------------------------------------------------

44/71 Testing: Part3.searchVideosAnswerOutOfBounds
44/71 Test: Part3.searchVideosAnswerOutOfBounds
Command: "/Users/me/Desktop/google/google-code-sample/cpp/build/part3_test" "--gtest_filter=Part3.searchVideosAnswerOutOfBounds" "--gtest_also_run_disabled_tests"
Directory: /Users/me/Desktop/google/google-code-sample/cpp/build
"Part3.searchVideosAnswerOutOfBounds" start time: Aug 07 22:12 CEST
Output:
----------------------------------------------------------
Running main() from /Users/me/Desktop/google/google-code-sample/cpp/build/_deps/googletest-src/googletest/src/gtest_main.cc
Note: Google Test filter = Part3.searchVideosAnswerOutOfBounds
[==========] Running 1 test from 1 test suite.
[----------] Global test environment set-up.
[----------] 1 test from Part3
[ RUN      ] Part3.searchVideosAnswerOutOfBounds
/Users/me/Desktop/google/google-code-sample/cpp/test/part3_test.cpp:66: Failure
Expected equality of these values:
  commandOutput.size()
    Which is: 1
  5
[  FAILED  ] Part3.searchVideosAnswerOutOfBounds (8 ms)
[----------] 1 test from Part3 (8 ms total)

[----------] Global test environment tear-down
[==========] 1 test from 1 test suite ran. (8 ms total)
[  PASSED  ] 0 tests.
[  FAILED  ] 1 test, listed below:
[  FAILED  ] Part3.searchVideosAnswerOutOfBounds

 1 FAILED TEST
<end of output>
Test time =   0.02 sec
----------------------------------------------------------
Test Failed.
"Part3.searchVideosAnswerOutOfBounds" end time: Aug 07 22:12 CEST
"Part3.searchVideosAnswerOutOfBounds" time elapsed: 00:00:00
----------------------------------------------------------

45/71 Testing: Part3.searchVideosInvalidNumber
45/71 Test: Part3.searchVideosInvalidNumber
Command: "/Users/me/Desktop/google/google-code-sample/cpp/build/part3_test" "--gtest_filter=Part3.searchVideosInvalidNumber" "--gtest_also_run_disabled_tests"
Directory: /Users/me/Desktop/google/google-code-sample/cpp/build
"Part3.searchVideosInvalidNumber" start time: Aug 07 22:12 CEST
Output:
----------------------------------------------------------
Running main() from /Users/me/Desktop/google/google-code-sample/cpp/build/_deps/googletest-src/googletest/src/gtest_main.cc
Note: Google Test filter = Part3.searchVideosInvalidNumber
[==========] Running 1 test from 1 test suite.
[----------] Global test environment set-up.
[----------] 1 test from Part3
[ RUN      ] Part3.searchVideosInvalidNumber
/Users/me/Desktop/google/google-code-sample/cpp/test/part3_test.cpp:89: Failure
Expected equality of these values:
  commandOutput.size()
    Which is: 1
  5
[  FAILED  ] Part3.searchVideosInvalidNumber (0 ms)
[----------] 1 test from Part3 (0 ms total)

[----------] Global test environment tear-down
[==========] 1 test from 1 test suite ran. (1 ms total)
[  PASSED  ] 0 tests.
[  FAILED  ] 1 test, listed below:
[  FAILED  ] Part3.searchVideosInvalidNumber

 1 FAILED TEST
<end of output>
Test time =   0.01 sec
----------------------------------------------------------
Test Failed.
"Part3.searchVideosInvalidNumber" end time: Aug 07 22:12 CEST
"Part3.searchVideosInvalidNumber" time elapsed: 00:00:00
----------------------------------------------------------

46/71 Testing: Part3.searchVideosNoResults
46/71 Test: Part3.searchVideosNoResults
Command: "/Users/me/Desktop/google/google-code-sample/cpp/build/part3_test" "--gtest_filter=Part3.searchVideosNoResults" "--gtest_also_run_disabled_tests"
Directory: /Users/me/Desktop/google/google-code-sample/cpp/build
"Part3.searchVideosNoResults" start time: Aug 07 22:12 CEST
Output:
----------------------------------------------------------
Running main() from /Users/me/Desktop/google/google-code-sample/cpp/build/_deps/googletest-src/googletest/src/gtest_main.cc
Note: Google Test filter = Part3.searchVideosNoResults
[==========] Running 1 test from 1 test suite.
[----------] Global test environment set-up.
[----------] 1 test from Part3
[ RUN      ] Part3.searchVideosNoResults
/Users/me/Desktop/google/google-code-sample/cpp/test/part3_test.cpp:109: Failure
Value of: commandOutput[0]
Expected: has substring "No search results for blah"
  Actual: "searchVideos needs implementation"
[  FAILED  ] Part3.searchVideosNoResults (0 ms)
[----------] 1 test from Part3 (1 ms total)

[----------] Global test environment tear-down
[==========] 1 test from 1 test suite ran. (1 ms total)
[  PASSED  ] 0 tests.
[  FAILED  ] 1 test, listed below:
[  FAILED  ] Part3.searchVideosNoResults

 1 FAILED TEST
<end of output>
Test time =   0.01 sec
----------------------------------------------------------
Test Failed.
"Part3.searchVideosNoResults" end time: Aug 07 22:12 CEST
"Part3.searchVideosNoResults" time elapsed: 00:00:00
----------------------------------------------------------

47/71 Testing: Part3.searchVideosWithTagNoAnswer
47/71 Test: Part3.searchVideosWithTagNoAnswer
Command: "/Users/me/Desktop/google/google-code-sample/cpp/build/part3_test" "--gtest_filter=Part3.searchVideosWithTagNoAnswer" "--gtest_also_run_disabled_tests"
Directory: /Users/me/Desktop/google/google-code-sample/cpp/build
"Part3.searchVideosWithTagNoAnswer" start time: Aug 07 22:12 CEST
Output:
----------------------------------------------------------
Running main() from /Users/me/Desktop/google/google-code-sample/cpp/build/_deps/googletest-src/googletest/src/gtest_main.cc
Note: Google Test filter = Part3.searchVideosWithTagNoAnswer
[==========] Running 1 test from 1 test suite.
[----------] Global test environment set-up.
[----------] 1 test from Part3
[ RUN      ] Part3.searchVideosWithTagNoAnswer
/Users/me/Desktop/google/google-code-sample/cpp/test/part3_test.cpp:122: Failure
Expected equality of these values:
  commandOutput.size()
    Which is: 1
  5
[  FAILED  ] Part3.searchVideosWithTagNoAnswer (0 ms)
[----------] 1 test from Part3 (1 ms total)

[----------] Global test environment tear-down
[==========] 1 test from 1 test suite ran. (1 ms total)
[  PASSED  ] 0 tests.
[  FAILED  ] 1 test, listed below:
[  FAILED  ] Part3.searchVideosWithTagNoAnswer

 1 FAILED TEST
<end of output>
Test time =   0.01 sec
----------------------------------------------------------
Test Failed.
"Part3.searchVideosWithTagNoAnswer" end time: Aug 07 22:12 CEST
"Part3.searchVideosWithTagNoAnswer" time elapsed: 00:00:00
----------------------------------------------------------

48/71 Testing: Part3.searchVideosWithTagPlayAnswer
48/71 Test: Part3.searchVideosWithTagPlayAnswer
Command: "/Users/me/Desktop/google/google-code-sample/cpp/build/part3_test" "--gtest_filter=Part3.searchVideosWithTagPlayAnswer" "--gtest_also_run_disabled_tests"
Directory: /Users/me/Desktop/google/google-code-sample/cpp/build
"Part3.searchVideosWithTagPlayAnswer" start time: Aug 07 22:12 CEST
Output:
----------------------------------------------------------
Running main() from /Users/me/Desktop/google/google-code-sample/cpp/build/_deps/googletest-src/googletest/src/gtest_main.cc
Note: Google Test filter = Part3.searchVideosWithTagPlayAnswer
[==========] Running 1 test from 1 test suite.
[----------] Global test environment set-up.
[----------] 1 test from Part3
[ RUN      ] Part3.searchVideosWithTagPlayAnswer
/Users/me/Desktop/google/google-code-sample/cpp/test/part3_test.cpp:145: Failure
Expected equality of these values:
  commandOutput.size()
    Which is: 1
  6
[  FAILED  ] Part3.searchVideosWithTagPlayAnswer (0 ms)
[----------] 1 test from Part3 (0 ms total)

[----------] Global test environment tear-down
[==========] 1 test from 1 test suite ran. (0 ms total)
[  PASSED  ] 0 tests.
[  FAILED  ] 1 test, listed below:
[  FAILED  ] Part3.searchVideosWithTagPlayAnswer

 1 FAILED TEST
<end of output>
Test time =   0.01 sec
----------------------------------------------------------
Test Failed.
"Part3.searchVideosWithTagPlayAnswer" end time: Aug 07 22:12 CEST
"Part3.searchVideosWithTagPlayAnswer" time elapsed: 00:00:00
----------------------------------------------------------

49/71 Testing: Part3.searchVideosWithTagAnswerOutOfBounds
49/71 Test: Part3.searchVideosWithTagAnswerOutOfBounds
Command: "/Users/me/Desktop/google/google-code-sample/cpp/build/part3_test" "--gtest_filter=Part3.searchVideosWithTagAnswerOutOfBounds" "--gtest_also_run_disabled_tests"
Directory: /Users/me/Desktop/google/google-code-sample/cpp/build
"Part3.searchVideosWithTagAnswerOutOfBounds" start time: Aug 07 22:12 CEST
Output:
----------------------------------------------------------
Running main() from /Users/me/Desktop/google/google-code-sample/cpp/build/_deps/googletest-src/googletest/src/gtest_main.cc
Note: Google Test filter = Part3.searchVideosWithTagAnswerOutOfBounds
[==========] Running 1 test from 1 test suite.
[----------] Global test environment set-up.
[----------] 1 test from Part3
[ RUN      ] Part3.searchVideosWithTagAnswerOutOfBounds
/Users/me/Desktop/google/google-code-sample/cpp/test/part3_test.cpp:168: Failure
Expected equality of these values:
  commandOutput.size()
    Which is: 1
  5
[  FAILED  ] Part3.searchVideosWithTagAnswerOutOfBounds (0 ms)
[----------] 1 test from Part3 (0 ms total)

[----------] Global test environment tear-down
[==========] 1 test from 1 test suite ran. (0 ms total)
[  PASSED  ] 0 tests.
[  FAILED  ] 1 test, listed below:
[  FAILED  ] Part3.searchVideosWithTagAnswerOutOfBounds

 1 FAILED TEST
<end of output>
Test time =   0.01 sec
----------------------------------------------------------
Test Failed.
"Part3.searchVideosWithTagAnswerOutOfBounds" end time: Aug 07 22:12 CEST
"Part3.searchVideosWithTagAnswerOutOfBounds" time elapsed: 00:00:00
----------------------------------------------------------

50/71 Testing: Part3.searchVideosWithTagNoResults
50/71 Test: Part3.searchVideosWithTagNoResults
Command: "/Users/me/Desktop/google/google-code-sample/cpp/build/part3_test" "--gtest_filter=Part3.searchVideosWithTagNoResults" "--gtest_also_run_disabled_tests"
Directory: /Users/me/Desktop/google/google-code-sample/cpp/build
"Part3.searchVideosWithTagNoResults" start time: Aug 07 22:12 CEST
Output:
----------------------------------------------------------
Running main() from /Users/me/Desktop/google/google-code-sample/cpp/build/_deps/googletest-src/googletest/src/gtest_main.cc
Note: Google Test filter = Part3.searchVideosWithTagNoResults
[==========] Running 1 test from 1 test suite.
[----------] Global test environment set-up.
[----------] 1 test from Part3
[ RUN      ] Part3.searchVideosWithTagNoResults
/Users/me/Desktop/google/google-code-sample/cpp/test/part3_test.cpp:188: Failure
Value of: commandOutput[0]
Expected: has substring "No search results for #blah"
  Actual: "searchVideosWithTag needs implementation"
[  FAILED  ] Part3.searchVideosWithTagNoResults (0 ms)
[----------] 1 test from Part3 (0 ms total)

[----------] Global test environment tear-down
[==========] 1 test from 1 test suite ran. (0 ms total)
[  PASSED  ] 0 tests.
[  FAILED  ] 1 test, listed below:
[  FAILED  ] Part3.searchVideosWithTagNoResults

 1 FAILED TEST
<end of output>
Test time =   0.01 sec
----------------------------------------------------------
Test Failed.
"Part3.searchVideosWithTagNoResults" end time: Aug 07 22:12 CEST
"Part3.searchVideosWithTagNoResults" time elapsed: 00:00:00
----------------------------------------------------------

51/71 Testing: Part4.flagVideoWithReason
51/71 Test: Part4.flagVideoWithReason
Command: "/Users/me/Desktop/google/google-code-sample/cpp/build/part4_test" "--gtest_filter=Part4.flagVideoWithReason" "--gtest_also_run_disabled_tests"
Directory: /Users/me/Desktop/google/google-code-sample/cpp/build
"Part4.flagVideoWithReason" start time: Aug 07 22:12 CEST
Output:
----------------------------------------------------------
Running main() from /Users/me/Desktop/google/google-code-sample/cpp/build/_deps/googletest-src/googletest/src/gtest_main.cc
Note: Google Test filter = Part4.flagVideoWithReason
[==========] Running 1 test from 1 test suite.
[----------] Global test environment set-up.
[----------] 1 test from Part4
[ RUN      ] Part4.flagVideoWithReason
/Users/me/Desktop/google/google-code-sample/cpp/test/part4_test.cpp:20: Failure
Value of: commandOutput[0]
Expected: has substring "Successfully flagged video: Amazing Cats (reason: dont_like_cats)"
  Actual: "flagVideo needs implementation"
[  FAILED  ] Part4.flagVideoWithReason (1 ms)
[----------] 1 test from Part4 (1 ms total)

[----------] Global test environment tear-down
[==========] 1 test from 1 test suite ran. (1 ms total)
[  PASSED  ] 0 tests.
[  FAILED  ] 1 test, listed below:
[  FAILED  ] Part4.flagVideoWithReason

 1 FAILED TEST
<end of output>
Test time =   0.01 sec
----------------------------------------------------------
Test Failed.
"Part4.flagVideoWithReason" end time: Aug 07 22:12 CEST
"Part4.flagVideoWithReason" time elapsed: 00:00:00
----------------------------------------------------------

52/71 Testing: Part4.flagVideoWithoutReason
52/71 Test: Part4.flagVideoWithoutReason
Command: "/Users/me/Desktop/google/google-code-sample/cpp/build/part4_test" "--gtest_filter=Part4.flagVideoWithoutReason" "--gtest_also_run_disabled_tests"
Directory: /Users/me/Desktop/google/google-code-sample/cpp/build
"Part4.flagVideoWithoutReason" start time: Aug 07 22:12 CEST
Output:
----------------------------------------------------------
Running main() from /Users/me/Desktop/google/google-code-sample/cpp/build/_deps/googletest-src/googletest/src/gtest_main.cc
Note: Google Test filter = Part4.flagVideoWithoutReason
[==========] Running 1 test from 1 test suite.
[----------] Global test environment set-up.
[----------] 1 test from Part4
[ RUN      ] Part4.flagVideoWithoutReason
/Users/me/Desktop/google/google-code-sample/cpp/test/part4_test.cpp:29: Failure
Value of: output
Expected: has substring "Successfully flagged video: Another Cat Video (reason: Not supplied)"
  Actual: "flagVideo needs implementation\n"
[  FAILED  ] Part4.flagVideoWithoutReason (0 ms)
[----------] 1 test from Part4 (1 ms total)

[----------] Global test environment tear-down
[==========] 1 test from 1 test suite ran. (1 ms total)
[  PASSED  ] 0 tests.
[  FAILED  ] 1 test, listed below:
[  FAILED  ] Part4.flagVideoWithoutReason

 1 FAILED TEST
<end of output>
Test time =   0.01 sec
----------------------------------------------------------
Test Failed.
"Part4.flagVideoWithoutReason" end time: Aug 07 22:12 CEST
"Part4.flagVideoWithoutReason" time elapsed: 00:00:00
----------------------------------------------------------

53/71 Testing: Part4.flagVideoAlreadyFlagged
53/71 Test: Part4.flagVideoAlreadyFlagged
Command: "/Users/me/Desktop/google/google-code-sample/cpp/build/part4_test" "--gtest_filter=Part4.flagVideoAlreadyFlagged" "--gtest_also_run_disabled_tests"
Directory: /Users/me/Desktop/google/google-code-sample/cpp/build
"Part4.flagVideoAlreadyFlagged" start time: Aug 07 22:12 CEST
Output:
----------------------------------------------------------
Running main() from /Users/me/Desktop/google/google-code-sample/cpp/build/_deps/googletest-src/googletest/src/gtest_main.cc
Note: Google Test filter = Part4.flagVideoAlreadyFlagged
[==========] Running 1 test from 1 test suite.
[----------] Global test environment set-up.
[----------] 1 test from Part4
[ RUN      ] Part4.flagVideoAlreadyFlagged
/Users/me/Desktop/google/google-code-sample/cpp/test/part4_test.cpp:43: Failure
Value of: commandOutput[0]
Expected: has substring "Successfully flagged video: Amazing Cats (reason: dont_like_cats)"
  Actual: "flagVideo needs implementation"
/Users/me/Desktop/google/google-code-sample/cpp/test/part4_test.cpp:45: Failure
Value of: commandOutput[1]
Expected: has substring "Cannot flag video: Video is already flagged"
  Actual: "flagVideo needs implementation"
[  FAILED  ] Part4.flagVideoAlreadyFlagged (1 ms)
[----------] 1 test from Part4 (1 ms total)

[----------] Global test environment tear-down
[==========] 1 test from 1 test suite ran. (1 ms total)
[  PASSED  ] 0 tests.
[  FAILED  ] 1 test, listed below:
[  FAILED  ] Part4.flagVideoAlreadyFlagged

 1 FAILED TEST
<end of output>
Test time =   0.01 sec
----------------------------------------------------------
Test Failed.
"Part4.flagVideoAlreadyFlagged" end time: Aug 07 22:12 CEST
"Part4.flagVideoAlreadyFlagged" time elapsed: 00:00:00
----------------------------------------------------------

54/71 Testing: Part4.flagVideoNonexistent
54/71 Test: Part4.flagVideoNonexistent
Command: "/Users/me/Desktop/google/google-code-sample/cpp/build/part4_test" "--gtest_filter=Part4.flagVideoNonexistent" "--gtest_also_run_disabled_tests"
Directory: /Users/me/Desktop/google/google-code-sample/cpp/build
"Part4.flagVideoNonexistent" start time: Aug 07 22:12 CEST
Output:
----------------------------------------------------------
Running main() from /Users/me/Desktop/google/google-code-sample/cpp/build/_deps/googletest-src/googletest/src/gtest_main.cc
Note: Google Test filter = Part4.flagVideoNonexistent
[==========] Running 1 test from 1 test suite.
[----------] Global test environment set-up.
[----------] 1 test from Part4
[ RUN      ] Part4.flagVideoNonexistent
/Users/me/Desktop/google/google-code-sample/cpp/test/part4_test.cpp:56: Failure
Value of: commandOutput[0]
Expected: has substring "Cannot flag video: Video does not exist"
  Actual: "flagVideo needs implementation"
[  FAILED  ] Part4.flagVideoNonexistent (1 ms)
[----------] 1 test from Part4 (1 ms total)

[----------] Global test environment tear-down
[==========] 1 test from 1 test suite ran. (1 ms total)
[  PASSED  ] 0 tests.
[  FAILED  ] 1 test, listed below:
[  FAILED  ] Part4.flagVideoNonexistent

 1 FAILED TEST
<end of output>
Test time =   0.01 sec
----------------------------------------------------------
Test Failed.
"Part4.flagVideoNonexistent" end time: Aug 07 22:12 CEST
"Part4.flagVideoNonexistent" time elapsed: 00:00:00
----------------------------------------------------------

55/71 Testing: Part4.flagVideoCanNoLongerPlay
55/71 Test: Part4.flagVideoCanNoLongerPlay
Command: "/Users/me/Desktop/google/google-code-sample/cpp/build/part4_test" "--gtest_filter=Part4.flagVideoCanNoLongerPlay" "--gtest_also_run_disabled_tests"
Directory: /Users/me/Desktop/google/google-code-sample/cpp/build
"Part4.flagVideoCanNoLongerPlay" start time: Aug 07 22:12 CEST
Output:
----------------------------------------------------------
Running main() from /Users/me/Desktop/google/google-code-sample/cpp/build/_deps/googletest-src/googletest/src/gtest_main.cc
Note: Google Test filter = Part4.flagVideoCanNoLongerPlay
[==========] Running 1 test from 1 test suite.
[----------] Global test environment set-up.
[----------] 1 test from Part4
[ RUN      ] Part4.flagVideoCanNoLongerPlay
/Users/me/Desktop/google/google-code-sample/cpp/test/part4_test.cpp:70: Failure
Value of: commandOutput[0]
Expected: has substring "Successfully flagged video: Amazing Cats (reason: Not supplied)"
  Actual: "flagVideo needs implementation"
/Users/me/Desktop/google/google-code-sample/cpp/test/part4_test.cpp:72: Failure
Value of: commandOutput[1]
Expected: has substring "Cannot play video: Video is currently flagged (reason: Not supplied)"
  Actual: "Playing video: Amazing Cats"
[  FAILED  ] Part4.flagVideoCanNoLongerPlay (1 ms)
[----------] 1 test from Part4 (1 ms total)

[----------] Global test environment tear-down
[==========] 1 test from 1 test suite ran. (1 ms total)
[  PASSED  ] 0 tests.
[  FAILED  ] 1 test, listed below:
[  FAILED  ] Part4.flagVideoCanNoLongerPlay

 1 FAILED TEST
<end of output>
Test time =   0.01 sec
----------------------------------------------------------
Test Failed.
"Part4.flagVideoCanNoLongerPlay" end time: Aug 07 22:12 CEST
"Part4.flagVideoCanNoLongerPlay" time elapsed: 00:00:00
----------------------------------------------------------

56/71 Testing: Part4.flagVideosPlayRandom
56/71 Test: Part4.flagVideosPlayRandom
Command: "/Users/me/Desktop/google/google-code-sample/cpp/build/part4_test" "--gtest_filter=Part4.flagVideosPlayRandom" "--gtest_also_run_disabled_tests"
Directory: /Users/me/Desktop/google/google-code-sample/cpp/build
"Part4.flagVideosPlayRandom" start time: Aug 07 22:12 CEST
Output:
----------------------------------------------------------
Running main() from /Users/me/Desktop/google/google-code-sample/cpp/build/_deps/googletest-src/googletest/src/gtest_main.cc
Note: Google Test filter = Part4.flagVideosPlayRandom
[==========] Running 1 test from 1 test suite.
[----------] Global test environment set-up.
[----------] 1 test from Part4
[ RUN      ] Part4.flagVideosPlayRandom
/Users/me/Desktop/google/google-code-sample/cpp/test/part4_test.cpp:90: Failure
Value of: commandOutput[0]
Expected: has substring "Successfully flagged video: Funny Dogs (reason: Not supplied)"
  Actual: "flagVideo needs implementation"
/Users/me/Desktop/google/google-code-sample/cpp/test/part4_test.cpp:94: Failure
Value of: commandOutput[1]
Expected: has substring "Successfully flagged video: Amazing Cats (reason: Not supplied)"
  Actual: "flagVideo needs implementation"
/Users/me/Desktop/google/google-code-sample/cpp/test/part4_test.cpp:98: Failure
Value of: commandOutput[2]
Expected: has substring "Successfully flagged video: Another Cat Video (reason: Not supplied)"
  Actual: "flagVideo needs implementation"
/Users/me/Desktop/google/google-code-sample/cpp/test/part4_test.cpp:102: Failure
Value of: commandOutput[3]
Expected: has substring "Successfully flagged video: Life at Google (reason: Not supplied)"
  Actual: "flagVideo needs implementation"
/Users/me/Desktop/google/google-code-sample/cpp/test/part4_test.cpp:106: Failure
Value of: commandOutput[4]
Expected: has substring "Successfully flagged video: Video about nothing (reason: Not supplied)"
  Actual: "flagVideo needs implementation"
/Users/me/Desktop/google/google-code-sample/cpp/test/part4_test.cpp:107: Failure
Value of: commandOutput[5]
Expected: has substring "No videos available"
  Actual: "Playing video: Life at Google"
[  FAILED  ] Part4.flagVideosPlayRandom (1 ms)
[----------] 1 test from Part4 (1 ms total)

[----------] Global test environment tear-down
[==========] 1 test from 1 test suite ran. (1 ms total)
[  PASSED  ] 0 tests.
[  FAILED  ] 1 test, listed below:
[  FAILED  ] Part4.flagVideosPlayRandom

 1 FAILED TEST
<end of output>
Test time =   0.01 sec
----------------------------------------------------------
Test Failed.
"Part4.flagVideosPlayRandom" end time: Aug 07 22:12 CEST
"Part4.flagVideosPlayRandom" time elapsed: 00:00:00
----------------------------------------------------------

57/71 Testing: Part4.flagVideoAddVideoToPlaylist
57/71 Test: Part4.flagVideoAddVideoToPlaylist
Command: "/Users/me/Desktop/google/google-code-sample/cpp/build/part4_test" "--gtest_filter=Part4.flagVideoAddVideoToPlaylist" "--gtest_also_run_disabled_tests"
Directory: /Users/me/Desktop/google/google-code-sample/cpp/build
"Part4.flagVideoAddVideoToPlaylist" start time: Aug 07 22:12 CEST
Output:
----------------------------------------------------------
Running main() from /Users/me/Desktop/google/google-code-sample/cpp/build/_deps/googletest-src/googletest/src/gtest_main.cc
Note: Google Test filter = Part4.flagVideoAddVideoToPlaylist
[==========] Running 1 test from 1 test suite.
[----------] Global test environment set-up.
[----------] 1 test from Part4
[ RUN      ] Part4.flagVideoAddVideoToPlaylist
/Users/me/Desktop/google/google-code-sample/cpp/test/part4_test.cpp:122: Failure
Value of: commandOutput[0]
Expected: has substring "Successfully flagged video: Amazing Cats (reason: Not supplied)"
  Actual: "flagVideo needs implementation"
/Users/me/Desktop/google/google-code-sample/cpp/test/part4_test.cpp:124: Failure
Value of: commandOutput[1]
Expected: has substring "Successfully created new playlist: my_playlist"
  Actual: "createPlaylist needs implementation"
/Users/me/Desktop/google/google-code-sample/cpp/test/part4_test.cpp:127: Failure
Value of: commandOutput[2]
Expected: has substring "Cannot add video to my_playlist: Video is currently flagged (reason: Not supplied)"
  Actual: "addVideoToPlaylist needs implementation"
[  FAILED  ] Part4.flagVideoAddVideoToPlaylist (1 ms)
[----------] 1 test from Part4 (1 ms total)

[----------] Global test environment tear-down
[==========] 1 test from 1 test suite ran. (1 ms total)
[  PASSED  ] 0 tests.
[  FAILED  ] 1 test, listed below:
[  FAILED  ] Part4.flagVideoAddVideoToPlaylist

 1 FAILED TEST
<end of output>
Test time =   0.01 sec
----------------------------------------------------------
Test Failed.
"Part4.flagVideoAddVideoToPlaylist" end time: Aug 07 22:12 CEST
"Part4.flagVideoAddVideoToPlaylist" time elapsed: 00:00:00
----------------------------------------------------------

58/71 Testing: Part4.flagVideoShowPlaylist
58/71 Test: Part4.flagVideoShowPlaylist
Command: "/Users/me/Desktop/google/google-code-sample/cpp/build/part4_test" "--gtest_filter=Part4.flagVideoShowPlaylist" "--gtest_also_run_disabled_tests"
Directory: /Users/me/Desktop/google/google-code-sample/cpp/build
"Part4.flagVideoShowPlaylist" start time: Aug 07 22:12 CEST
Output:
----------------------------------------------------------
Running main() from /Users/me/Desktop/google/google-code-sample/cpp/build/_deps/googletest-src/googletest/src/gtest_main.cc
Note: Google Test filter = Part4.flagVideoShowPlaylist
[==========] Running 1 test from 1 test suite.
[----------] Global test environment set-up.
[----------] 1 test from Part4
[ RUN      ] Part4.flagVideoShowPlaylist
/Users/me/Desktop/google/google-code-sample/cpp/test/part4_test.cpp:139: Failure
Expected equality of these values:
  commandOutput.size()
    Which is: 4
  5
[  FAILED  ] Part4.flagVideoShowPlaylist (1 ms)
[----------] 1 test from Part4 (1 ms total)

[----------] Global test environment tear-down
[==========] 1 test from 1 test suite ran. (1 ms total)
[  PASSED  ] 0 tests.
[  FAILED  ] 1 test, listed below:
[  FAILED  ] Part4.flagVideoShowPlaylist

 1 FAILED TEST
<end of output>
Test time =   0.01 sec
----------------------------------------------------------
Test Failed.
"Part4.flagVideoShowPlaylist" end time: Aug 07 22:12 CEST
"Part4.flagVideoShowPlaylist" time elapsed: 00:00:00
----------------------------------------------------------

59/71 Testing: Part4.flagVideoShowAllVideos
59/71 Test: Part4.flagVideoShowAllVideos
Command: "/Users/me/Desktop/google/google-code-sample/cpp/build/part4_test" "--gtest_filter=Part4.flagVideoShowAllVideos" "--gtest_also_run_disabled_tests"
Directory: /Users/me/Desktop/google/google-code-sample/cpp/build
"Part4.flagVideoShowAllVideos" start time: Aug 07 22:12 CEST
Output:
----------------------------------------------------------
Running main() from /Users/me/Desktop/google/google-code-sample/cpp/build/_deps/googletest-src/googletest/src/gtest_main.cc
Note: Google Test filter = Part4.flagVideoShowAllVideos
[==========] Running 1 test from 1 test suite.
[----------] Global test environment set-up.
[----------] 1 test from Part4
[ RUN      ] Part4.flagVideoShowAllVideos
/Users/me/Desktop/google/google-code-sample/cpp/test/part4_test.cpp:163: Failure
Value of: commandOutput[0]
Expected: has substring "Successfully flagged video: Amazing Cats (reason: dont_like_cats)"
  Actual: "flagVideo needs implementation"
/Users/me/Desktop/google/google-code-sample/cpp/test/part4_test.cpp:166: Failure
Value of: commandOutput[2]
Expected: has substring "Amazing Cats (amazing_cats_video_id) [#cat #animal] - FLAGGED (reason: dont_like_cats)"
  Actual: "  Amazing Cats (amazing_cats_video_id) [#cat #animal]"
[  FAILED  ] Part4.flagVideoShowAllVideos (1 ms)
[----------] 1 test from Part4 (1 ms total)

[----------] Global test environment tear-down
[==========] 1 test from 1 test suite ran. (1 ms total)
[  PASSED  ] 0 tests.
[  FAILED  ] 1 test, listed below:
[  FAILED  ] Part4.flagVideoShowAllVideos

 1 FAILED TEST
<end of output>
Test time =   0.01 sec
----------------------------------------------------------
Test Failed.
"Part4.flagVideoShowAllVideos" end time: Aug 07 22:12 CEST
"Part4.flagVideoShowAllVideos" time elapsed: 00:00:00
----------------------------------------------------------

60/71 Testing: Part4.flagVideoSearchVideos
60/71 Test: Part4.flagVideoSearchVideos
Command: "/Users/me/Desktop/google/google-code-sample/cpp/build/part4_test" "--gtest_filter=Part4.flagVideoSearchVideos" "--gtest_also_run_disabled_tests"
Directory: /Users/me/Desktop/google/google-code-sample/cpp/build
"Part4.flagVideoSearchVideos" start time: Aug 07 22:12 CEST
Output:
----------------------------------------------------------
Running main() from /Users/me/Desktop/google/google-code-sample/cpp/build/_deps/googletest-src/googletest/src/gtest_main.cc
Note: Google Test filter = Part4.flagVideoSearchVideos
[==========] Running 1 test from 1 test suite.
[----------] Global test environment set-up.
[----------] 1 test from Part4
[ RUN      ] Part4.flagVideoSearchVideos
/Users/me/Desktop/google/google-code-sample/cpp/test/part4_test.cpp:191: Failure
Expected equality of these values:
  commandOutput.size()
    Which is: 2
  5
[  FAILED  ] Part4.flagVideoSearchVideos (0 ms)
[----------] 1 test from Part4 (0 ms total)

[----------] Global test environment tear-down
[==========] 1 test from 1 test suite ran. (0 ms total)
[  PASSED  ] 0 tests.
[  FAILED  ] 1 test, listed below:
[  FAILED  ] Part4.flagVideoSearchVideos

 1 FAILED TEST
<end of output>
Test time =   0.01 sec
----------------------------------------------------------
Test Failed.
"Part4.flagVideoSearchVideos" end time: Aug 07 22:12 CEST
"Part4.flagVideoSearchVideos" time elapsed: 00:00:00
----------------------------------------------------------

61/71 Testing: Part4.flagVideoSearchVideosWithTag
61/71 Test: Part4.flagVideoSearchVideosWithTag
Command: "/Users/me/Desktop/google/google-code-sample/cpp/build/part4_test" "--gtest_filter=Part4.flagVideoSearchVideosWithTag" "--gtest_also_run_disabled_tests"
Directory: /Users/me/Desktop/google/google-code-sample/cpp/build
"Part4.flagVideoSearchVideosWithTag" start time: Aug 07 22:12 CEST
Output:
----------------------------------------------------------
Running main() from /Users/me/Desktop/google/google-code-sample/cpp/build/_deps/googletest-src/googletest/src/gtest_main.cc
Note: Google Test filter = Part4.flagVideoSearchVideosWithTag
[==========] Running 1 test from 1 test suite.
[----------] Global test environment set-up.
[----------] 1 test from Part4
[ RUN      ] Part4.flagVideoSearchVideosWithTag
/Users/me/Desktop/google/google-code-sample/cpp/test/part4_test.cpp:217: Failure
Expected equality of these values:
  commandOutput.size()
    Which is: 2
  5
[  FAILED  ] Part4.flagVideoSearchVideosWithTag (2 ms)
[----------] 1 test from Part4 (2 ms total)

[----------] Global test environment tear-down
[==========] 1 test from 1 test suite ran. (2 ms total)
[  PASSED  ] 0 tests.
[  FAILED  ] 1 test, listed below:
[  FAILED  ] Part4.flagVideoSearchVideosWithTag

 1 FAILED TEST
<end of output>
Test time =   0.01 sec
----------------------------------------------------------
Test Failed.
"Part4.flagVideoSearchVideosWithTag" end time: Aug 07 22:12 CEST
"Part4.flagVideoSearchVideosWithTag" time elapsed: 00:00:00
----------------------------------------------------------

62/71 Testing: Part4.flagVideoStopPlayingVideo
62/71 Test: Part4.flagVideoStopPlayingVideo
Command: "/Users/me/Desktop/google/google-code-sample/cpp/build/part4_test" "--gtest_filter=Part4.flagVideoStopPlayingVideo" "--gtest_also_run_disabled_tests"
Directory: /Users/me/Desktop/google/google-code-sample/cpp/build
"Part4.flagVideoStopPlayingVideo" start time: Aug 07 22:12 CEST
Output:
----------------------------------------------------------
Running main() from /Users/me/Desktop/google/google-code-sample/cpp/build/_deps/googletest-src/googletest/src/gtest_main.cc
Note: Google Test filter = Part4.flagVideoStopPlayingVideo
[==========] Running 1 test from 1 test suite.
[----------] Global test environment set-up.
[----------] 1 test from Part4
[ RUN      ] Part4.flagVideoStopPlayingVideo
/Users/me/Desktop/google/google-code-sample/cpp/test/part4_test.cpp:240: Failure
Expected equality of these values:
  commandOutput.size()
    Which is: 3
  4
[  FAILED  ] Part4.flagVideoStopPlayingVideo (0 ms)
[----------] 1 test from Part4 (0 ms total)

[----------] Global test environment tear-down
[==========] 1 test from 1 test suite ran. (0 ms total)
[  PASSED  ] 0 tests.
[  FAILED  ] 1 test, listed below:
[  FAILED  ] Part4.flagVideoStopPlayingVideo

 1 FAILED TEST
<end of output>
Test time =   0.01 sec
----------------------------------------------------------
Test Failed.
"Part4.flagVideoStopPlayingVideo" end time: Aug 07 22:12 CEST
"Part4.flagVideoStopPlayingVideo" time elapsed: 00:00:00
----------------------------------------------------------

63/71 Testing: Part4.flagVideoStopPausedVideo
63/71 Test: Part4.flagVideoStopPausedVideo
Command: "/Users/me/Desktop/google/google-code-sample/cpp/build/part4_test" "--gtest_filter=Part4.flagVideoStopPausedVideo" "--gtest_also_run_disabled_tests"
Directory: /Users/me/Desktop/google/google-code-sample/cpp/build
"Part4.flagVideoStopPausedVideo" start time: Aug 07 22:12 CEST
Output:
----------------------------------------------------------
Running main() from /Users/me/Desktop/google/google-code-sample/cpp/build/_deps/googletest-src/googletest/src/gtest_main.cc
Note: Google Test filter = Part4.flagVideoStopPausedVideo
[==========] Running 1 test from 1 test suite.
[----------] Global test environment set-up.
[----------] 1 test from Part4
[ RUN      ] Part4.flagVideoStopPausedVideo
/Users/me/Desktop/google/google-code-sample/cpp/test/part4_test.cpp:259: Failure
Expected equality of these values:
  commandOutput.size()
    Which is: 4
  5
[  FAILED  ] Part4.flagVideoStopPausedVideo (0 ms)
[----------] 1 test from Part4 (0 ms total)

[----------] Global test environment tear-down
[==========] 1 test from 1 test suite ran. (1 ms total)
[  PASSED  ] 0 tests.
[  FAILED  ] 1 test, listed below:
[  FAILED  ] Part4.flagVideoStopPausedVideo

 1 FAILED TEST
<end of output>
Test time =   0.01 sec
----------------------------------------------------------
Test Failed.
"Part4.flagVideoStopPausedVideo" end time: Aug 07 22:12 CEST
"Part4.flagVideoStopPausedVideo" time elapsed: 00:00:00
----------------------------------------------------------

64/71 Testing: Part4.flagVideoKeepVideoPlayingIfDifferentFromFlaggedVideo
64/71 Test: Part4.flagVideoKeepVideoPlayingIfDifferentFromFlaggedVideo
Command: "/Users/me/Desktop/google/google-code-sample/cpp/build/part4_test" "--gtest_filter=Part4.flagVideoKeepVideoPlayingIfDifferentFromFlaggedVideo" "--gtest_also_run_disabled_tests"
Directory: /Users/me/Desktop/google/google-code-sample/cpp/build
"Part4.flagVideoKeepVideoPlayingIfDifferentFromFlaggedVideo" start time: Aug 07 22:12 CEST
Output:
----------------------------------------------------------
Running main() from /Users/me/Desktop/google/google-code-sample/cpp/build/_deps/googletest-src/googletest/src/gtest_main.cc
Note: Google Test filter = Part4.flagVideoKeepVideoPlayingIfDifferentFromFlaggedVideo
[==========] Running 1 test from 1 test suite.
[----------] Global test environment set-up.
[----------] 1 test from Part4
[ RUN      ] Part4.flagVideoKeepVideoPlayingIfDifferentFromFlaggedVideo
/Users/me/Desktop/google/google-code-sample/cpp/test/part4_test.cpp:283: Failure
Value of: commandOutput[1]
Expected: has substring "Successfully flagged video: Another Cat Video (reason: dont_like_cats)"
  Actual: "flagVideo needs implementation"
[  FAILED  ] Part4.flagVideoKeepVideoPlayingIfDifferentFromFlaggedVideo (1 ms)
[----------] 1 test from Part4 (1 ms total)

[----------] Global test environment tear-down
[==========] 1 test from 1 test suite ran. (1 ms total)
[  PASSED  ] 0 tests.
[  FAILED  ] 1 test, listed below:
[  FAILED  ] Part4.flagVideoKeepVideoPlayingIfDifferentFromFlaggedVideo

 1 FAILED TEST
<end of output>
Test time =   0.01 sec
----------------------------------------------------------
Test Failed.
"Part4.flagVideoKeepVideoPlayingIfDifferentFromFlaggedVideo" end time: Aug 07 22:12 CEST
"Part4.flagVideoKeepVideoPlayingIfDifferentFromFlaggedVideo" time elapsed: 00:00:00
----------------------------------------------------------

65/71 Testing: Part4.allowVideo
65/71 Test: Part4.allowVideo
Command: "/Users/me/Desktop/google/google-code-sample/cpp/build/part4_test" "--gtest_filter=Part4.allowVideo" "--gtest_also_run_disabled_tests"
Directory: /Users/me/Desktop/google/google-code-sample/cpp/build
"Part4.allowVideo" start time: Aug 07 22:12 CEST
Output:
----------------------------------------------------------
Running main() from /Users/me/Desktop/google/google-code-sample/cpp/build/_deps/googletest-src/googletest/src/gtest_main.cc
Note: Google Test filter = Part4.allowVideo
[==========] Running 1 test from 1 test suite.
[----------] Global test environment set-up.
[----------] 1 test from Part4
[ RUN      ] Part4.allowVideo
/Users/me/Desktop/google/google-code-sample/cpp/test/part4_test.cpp:300: Failure
Value of: commandOutput[0]
Expected: has substring "Successfully flagged video: Amazing Cats (reason: dont_like_cats)"
  Actual: "flagVideo needs implementation"
/Users/me/Desktop/google/google-code-sample/cpp/test/part4_test.cpp:302: Failure
Value of: commandOutput[1]
Expected: has substring "Successfully removed flag from video: Amazing Cats"
  Actual: "allowVideo needs implementation"
[  FAILED  ] Part4.allowVideo (0 ms)
[----------] 1 test from Part4 (0 ms total)

[----------] Global test environment tear-down
[==========] 1 test from 1 test suite ran. (1 ms total)
[  PASSED  ] 0 tests.
[  FAILED  ] 1 test, listed below:
[  FAILED  ] Part4.allowVideo

 1 FAILED TEST
<end of output>
Test time =   0.01 sec
----------------------------------------------------------
Test Failed.
"Part4.allowVideo" end time: Aug 07 22:12 CEST
"Part4.allowVideo" time elapsed: 00:00:00
----------------------------------------------------------

66/71 Testing: Part4.allowVideoNotFlagged
66/71 Test: Part4.allowVideoNotFlagged
Command: "/Users/me/Desktop/google/google-code-sample/cpp/build/part4_test" "--gtest_filter=Part4.allowVideoNotFlagged" "--gtest_also_run_disabled_tests"
Directory: /Users/me/Desktop/google/google-code-sample/cpp/build
"Part4.allowVideoNotFlagged" start time: Aug 07 22:12 CEST
Output:
----------------------------------------------------------
Running main() from /Users/me/Desktop/google/google-code-sample/cpp/build/_deps/googletest-src/googletest/src/gtest_main.cc
Note: Google Test filter = Part4.allowVideoNotFlagged
[==========] Running 1 test from 1 test suite.
[----------] Global test environment set-up.
[----------] 1 test from Part4
[ RUN      ] Part4.allowVideoNotFlagged
/Users/me/Desktop/google/google-code-sample/cpp/test/part4_test.cpp:313: Failure
Value of: commandOutput[0]
Expected: has substring "Cannot remove flag from video: Video is not flagged"
  Actual: "allowVideo needs implementation"
[  FAILED  ] Part4.allowVideoNotFlagged (1 ms)
[----------] 1 test from Part4 (1 ms total)

[----------] Global test environment tear-down
[==========] 1 test from 1 test suite ran. (1 ms total)
[  PASSED  ] 0 tests.
[  FAILED  ] 1 test, listed below:
[  FAILED  ] Part4.allowVideoNotFlagged

 1 FAILED TEST
<end of output>
Test time =   0.01 sec
----------------------------------------------------------
Test Failed.
"Part4.allowVideoNotFlagged" end time: Aug 07 22:12 CEST
"Part4.allowVideoNotFlagged" time elapsed: 00:00:00
----------------------------------------------------------

67/71 Testing: Part4.allowVideoNonexistent
67/71 Test: Part4.allowVideoNonexistent
Command: "/Users/me/Desktop/google/google-code-sample/cpp/build/part4_test" "--gtest_filter=Part4.allowVideoNonexistent" "--gtest_also_run_disabled_tests"
Directory: /Users/me/Desktop/google/google-code-sample/cpp/build
"Part4.allowVideoNonexistent" start time: Aug 07 22:12 CEST
Output:
----------------------------------------------------------
Running main() from /Users/me/Desktop/google/google-code-sample/cpp/build/_deps/googletest-src/googletest/src/gtest_main.cc
Note: Google Test filter = Part4.allowVideoNonexistent
[==========] Running 1 test from 1 test suite.
[----------] Global test environment set-up.
[----------] 1 test from Part4
[ RUN      ] Part4.allowVideoNonexistent
/Users/me/Desktop/google/google-code-sample/cpp/test/part4_test.cpp:324: Failure
Value of: commandOutput[0]
Expected: has substring "Cannot remove flag from video: Video does not exist"
  Actual: "allowVideo needs implementation"
[  FAILED  ] Part4.allowVideoNonexistent (0 ms)
[----------] 1 test from Part4 (0 ms total)

[----------] Global test environment tear-down
[==========] 1 test from 1 test suite ran. (0 ms total)
[  PASSED  ] 0 tests.
[  FAILED  ] 1 test, listed below:
[  FAILED  ] Part4.allowVideoNonexistent

 1 FAILED TEST
<end of output>
Test time =   0.01 sec
----------------------------------------------------------
Test Failed.
"Part4.allowVideoNonexistent" end time: Aug 07 22:12 CEST
"Part4.allowVideoNonexistent" time elapsed: 00:00:00
----------------------------------------------------------

68/71 Testing: Part4.allowVideoShowPlaylist
68/71 Test: Part4.allowVideoShowPlaylist
Command: "/Users/me/Desktop/google/google-code-sample/cpp/build/part4_test" "--gtest_filter=Part4.allowVideoShowPlaylist" "--gtest_also_run_disabled_tests"
Directory: /Users/me/Desktop/google/google-code-sample/cpp/build
"Part4.allowVideoShowPlaylist" start time: Aug 07 22:12 CEST
Output:
----------------------------------------------------------
Running main() from /Users/me/Desktop/google/google-code-sample/cpp/build/_deps/googletest-src/googletest/src/gtest_main.cc
Note: Google Test filter = Part4.allowVideoShowPlaylist
[==========] Running 1 test from 1 test suite.
[----------] Global test environment set-up.
[----------] 1 test from Part4
[ RUN      ] Part4.allowVideoShowPlaylist
/Users/me/Desktop/google/google-code-sample/cpp/test/part4_test.cpp:338: Failure
Expected equality of these values:
  commandOutput.size()
    Which is: 6
  8
[  FAILED  ] Part4.allowVideoShowPlaylist (0 ms)
[----------] 1 test from Part4 (0 ms total)

[----------] Global test environment tear-down
[==========] 1 test from 1 test suite ran. (1 ms total)
[  PASSED  ] 0 tests.
[  FAILED  ] 1 test, listed below:
[  FAILED  ] Part4.allowVideoShowPlaylist

 1 FAILED TEST
<end of output>
Test time =   0.01 sec
----------------------------------------------------------
Test Failed.
"Part4.allowVideoShowPlaylist" end time: Aug 07 22:12 CEST
"Part4.allowVideoShowPlaylist" time elapsed: 00:00:00
----------------------------------------------------------

69/71 Testing: VideoLibrary.VideoLibraryHasAllVideos
69/71 Test: VideoLibrary.VideoLibraryHasAllVideos
Command: "/Users/me/Desktop/google/google-code-sample/cpp/build/videolibrary_test" "--gtest_filter=VideoLibrary.VideoLibraryHasAllVideos" "--gtest_also_run_disabled_tests"
Directory: /Users/me/Desktop/google/google-code-sample/cpp/build
"VideoLibrary.VideoLibraryHasAllVideos" start time: Aug 07 22:12 CEST
Output:
----------------------------------------------------------
Running main() from /Users/me/Desktop/google/google-code-sample/cpp/build/_deps/googletest-src/googletest/src/gtest_main.cc
Note: Google Test filter = VideoLibrary.VideoLibraryHasAllVideos
[==========] Running 1 test from 1 test suite.
[----------] Global test environment set-up.
[----------] 1 test from VideoLibrary
[ RUN      ] VideoLibrary.VideoLibraryHasAllVideos
[       OK ] VideoLibrary.VideoLibraryHasAllVideos (0 ms)
[----------] 1 test from VideoLibrary (0 ms total)

[----------] Global test environment tear-down
[==========] 1 test from 1 test suite ran. (0 ms total)
[  PASSED  ] 1 test.
<end of output>
Test time =   0.09 sec
----------------------------------------------------------
Test Passed.
"VideoLibrary.VideoLibraryHasAllVideos" end time: Aug 07 22:12 CEST
"VideoLibrary.VideoLibraryHasAllVideos" time elapsed: 00:00:00
----------------------------------------------------------

70/71 Testing: VideoLibrary.VideoLibraryParsesTagsCorrectly
70/71 Test: VideoLibrary.VideoLibraryParsesTagsCorrectly
Command: "/Users/me/Desktop/google/google-code-sample/cpp/build/videolibrary_test" "--gtest_filter=VideoLibrary.VideoLibraryParsesTagsCorrectly" "--gtest_also_run_disabled_tests"
Directory: /Users/me/Desktop/google/google-code-sample/cpp/build
"VideoLibrary.VideoLibraryParsesTagsCorrectly" start time: Aug 07 22:12 CEST
Output:
----------------------------------------------------------
Running main() from /Users/me/Desktop/google/google-code-sample/cpp/build/_deps/googletest-src/googletest/src/gtest_main.cc
Note: Google Test filter = VideoLibrary.VideoLibraryParsesTagsCorrectly
[==========] Running 1 test from 1 test suite.
[----------] Global test environment set-up.
[----------] 1 test from VideoLibrary
[ RUN      ] VideoLibrary.VideoLibraryParsesTagsCorrectly
[       OK ] VideoLibrary.VideoLibraryParsesTagsCorrectly (0 ms)
[----------] 1 test from VideoLibrary (0 ms total)

[----------] Global test environment tear-down
[==========] 1 test from 1 test suite ran. (0 ms total)
[  PASSED  ] 1 test.
<end of output>
Test time =   0.01 sec
----------------------------------------------------------
Test Passed.
"VideoLibrary.VideoLibraryParsesTagsCorrectly" end time: Aug 07 22:12 CEST
"VideoLibrary.VideoLibraryParsesTagsCorrectly" time elapsed: 00:00:00
----------------------------------------------------------

71/71 Testing: VideoLibrary.testLibraryParsesVideoCorrectlyWithoutTags
71/71 Test: VideoLibrary.testLibraryParsesVideoCorrectlyWithoutTags
Command: "/Users/me/Desktop/google/google-code-sample/cpp/build/videolibrary_test" "--gtest_filter=VideoLibrary.testLibraryParsesVideoCorrectlyWithoutTags" "--gtest_also_run_disabled_tests"
Directory: /Users/me/Desktop/google/google-code-sample/cpp/build
"VideoLibrary.testLibraryParsesVideoCorrectlyWithoutTags" start time: Aug 07 22:12 CEST
Output:
----------------------------------------------------------
Running main() from /Users/me/Desktop/google/google-code-sample/cpp/build/_deps/googletest-src/googletest/src/gtest_main.cc
Note: Google Test filter = VideoLibrary.testLibraryParsesVideoCorrectlyWithoutTags
[==========] Running 1 test from 1 test suite.
[----------] Global test environment set-up.
[----------] 1 test from VideoLibrary
[ RUN      ] VideoLibrary.testLibraryParsesVideoCorrectlyWithoutTags
[       OK ] VideoLibrary.testLibraryParsesVideoCorrectlyWithoutTags (0 ms)
[----------] 1 test from VideoLibrary (0 ms total)

[----------] Global test environment tear-down
[==========] 1 test from 1 test suite ran. (0 ms total)
[  PASSED  ] 1 test.
<end of output>
Test time =   0.01 sec
----------------------------------------------------------
Test Passed.
"VideoLibrary.testLibraryParsesVideoCorrectlyWithoutTags" end time: Aug 07 22:12 CEST
"VideoLibrary.testLibraryParsesVideoCorrectlyWithoutTags" time elapsed: 00:00:00
----------------------------------------------------------

End testing: Aug 07 22:12 CEST
